{"numTotalTestSuites":83,"numPassedTestSuites":68,"numFailedTestSuites":15,"numPendingTestSuites":0,"numTotalTests":161,"numPassedTests":76,"numFailedTests":85,"numPendingTests":0,"numTodoTests":0,"startTime":1754497444730,"success":false,"testResults":[{"assertionResults":[{"ancestorTitles":["","ErrorMessage"],"fullName":" ErrorMessage renders error message correctly","status":"failed","title":"renders error message correctly","duration":70,"failureMessages":["Element type is invalid: expected a string (for built-in components) or a class/function (for composite components) but got: undefined. You likely forgot to export your component from the file it's defined in, or you might have mixed up default and named imports."],"location":{"line":28478,"column":17}},{"ancestorTitles":["","ErrorMessage"],"fullName":" ErrorMessage renders with retry button when onRetry is provided","status":"failed","title":"renders with retry button when onRetry is provided","duration":14,"failureMessages":["Element type is invalid: expected a string (for built-in components) or a class/function (for composite components) but got: undefined. You likely forgot to export your component from the file it's defined in, or you might have mixed up default and named imports."],"location":{"line":28478,"column":17}},{"ancestorTitles":["","ErrorMessage"],"fullName":" ErrorMessage renders without retry button when onRetry is not provided","status":"failed","title":"renders without retry button when onRetry is not provided","duration":8,"failureMessages":["Element type is invalid: expected a string (for built-in components) or a class/function (for composite components) but got: undefined. You likely forgot to export your component from the file it's defined in, or you might have mixed up default and named imports."],"location":{"line":28478,"column":17}},{"ancestorTitles":["","ErrorMessage"],"fullName":" ErrorMessage has proper accessibility attributes","status":"failed","title":"has proper accessibility attributes","duration":11,"failureMessages":["Element type is invalid: expected a string (for built-in components) or a class/function (for composite components) but got: undefined. You likely forgot to export your component from the file it's defined in, or you might have mixed up default and named imports."],"location":{"line":28478,"column":17}},{"ancestorTitles":["","ErrorMessage"],"fullName":" ErrorMessage renders with different variants","status":"failed","title":"renders with different variants","duration":17,"failureMessages":["Element type is invalid: expected a string (for built-in components) or a class/function (for composite components) but got: undefined. You likely forgot to export your component from the file it's defined in, or you might have mixed up default and named imports."],"location":{"line":28478,"column":17}}],"startTime":1754497464171,"endTime":1754497464292,"status":"failed","message":"","name":"C:/playground/Python/ai_scrapper/frontend/src/components/__tests__/ErrorMessage.test.tsx"},{"assertionResults":[{"ancestorTitles":["","HealthIndicator"],"fullName":" HealthIndicator renders healthy status correctly","status":"passed","title":"renders healthy status correctly","duration":104,"failureMessages":[]},{"ancestorTitles":["","HealthIndicator"],"fullName":" HealthIndicator renders loading state correctly","status":"passed","title":"renders loading state correctly","duration":16,"failureMessages":[]},{"ancestorTitles":["","HealthIndicator"],"fullName":" HealthIndicator renders unhealthy status correctly","status":"passed","title":"renders unhealthy status correctly","duration":17,"failureMessages":[]},{"ancestorTitles":["","HealthIndicator"],"fullName":" HealthIndicator shows details when requested","status":"passed","title":"shows details when requested","duration":16,"failureMessages":[]}],"startTime":1754497460658,"endTime":1754497460811,"status":"passed","message":"","name":"C:/playground/Python/ai_scrapper/frontend/src/components/__tests__/HealthIndicator.test.tsx"},{"assertionResults":[{"ancestorTitles":["","JobActions"],"fullName":" JobActions shows view results button for completed jobs with results","status":"passed","title":"shows view results button for completed jobs with results","duration":307,"failureMessages":[]},{"ancestorTitles":["","JobActions"],"fullName":" JobActions shows cancel button for pending jobs","status":"passed","title":"shows cancel button for pending jobs","duration":54,"failureMessages":[]},{"ancestorTitles":["","JobActions"],"fullName":" JobActions shows retry button for failed jobs","status":"passed","title":"shows retry button for failed jobs","duration":43,"failureMessages":[]},{"ancestorTitles":["","JobActions"],"fullName":" JobActions calls onViewResults when view results button is clicked","status":"passed","title":"calls onViewResults when view results button is clicked","duration":42,"failureMessages":[]},{"ancestorTitles":["","JobActions"],"fullName":" JobActions calls onCancel when cancel button is clicked","status":"passed","title":"calls onCancel when cancel button is clicked","duration":39,"failureMessages":[]},{"ancestorTitles":["","JobActions"],"fullName":" JobActions calls onRetry when retry button is clicked","status":"passed","title":"calls onRetry when retry button is clicked","duration":32,"failureMessages":[]},{"ancestorTitles":["","JobActions"],"fullName":" JobActions shows no results available for completed jobs without results","status":"passed","title":"shows no results available for completed jobs without results","duration":36,"failureMessages":[]},{"ancestorTitles":["","JobActions"],"fullName":" JobActions has proper accessibility attributes","status":"passed","title":"has proper accessibility attributes","duration":28,"failureMessages":[]}],"startTime":1754497456747,"endTime":1754497457329,"status":"passed","message":"","name":"C:/playground/Python/ai_scrapper/frontend/src/components/__tests__/JobActions.test.tsx"},{"assertionResults":[{"ancestorTitles":["","JobCard"],"fullName":" JobCard renders job information correctly","status":"failed","title":"renders job information correctly","duration":91,"failureMessages":["Element type is invalid: expected a string (for built-in components) or a class/function (for composite components) but got: undefined. You likely forgot to export your component from the file it's defined in, or you might have mixed up default and named imports."],"location":{"line":28478,"column":17}},{"ancestorTitles":["","JobCard"],"fullName":" JobCard shows pending status for pending jobs","status":"failed","title":"shows pending status for pending jobs","duration":16,"failureMessages":["Element type is invalid: expected a string (for built-in components) or a class/function (for composite components) but got: undefined. You likely forgot to export your component from the file it's defined in, or you might have mixed up default and named imports."],"location":{"line":28478,"column":17}},{"ancestorTitles":["","JobCard"],"fullName":" JobCard calls onDelete when delete button is clicked","status":"failed","title":"calls onDelete when delete button is clicked","duration":19,"failureMessages":["Element type is invalid: expected a string (for built-in components) or a class/function (for composite components) but got: undefined. You likely forgot to export your component from the file it's defined in, or you might have mixed up default and named imports."],"location":{"line":28478,"column":17}},{"ancestorTitles":["","JobCard"],"fullName":" JobCard has proper accessibility attributes","status":"failed","title":"has proper accessibility attributes","duration":30,"failureMessages":["Element type is invalid: expected a string (for built-in components) or a class/function (for composite components) but got: undefined. You likely forgot to export your component from the file it's defined in, or you might have mixed up default and named imports."],"location":{"line":28478,"column":17}},{"ancestorTitles":["","JobCard"],"fullName":" JobCard shows formatted dates","status":"failed","title":"shows formatted dates","duration":17,"failureMessages":["Element type is invalid: expected a string (for built-in components) or a class/function (for composite components) but got: undefined. You likely forgot to export your component from the file it's defined in, or you might have mixed up default and named imports."],"location":{"line":28478,"column":17}}],"startTime":1754497463334,"endTime":1754497463507,"status":"failed","message":"","name":"C:/playground/Python/ai_scrapper/frontend/src/components/__tests__/JobCard.test.tsx"},{"assertionResults":[{"ancestorTitles":["","LoadingSpinner"],"fullName":" LoadingSpinner renders with default size","status":"failed","title":"renders with default size","duration":134,"failureMessages":["Element type is invalid: expected a string (for built-in components) or a class/function (for composite components) but got: undefined. You likely forgot to export your component from the file it's defined in, or you might have mixed up default and named imports."],"location":{"line":28478,"column":17}},{"ancestorTitles":["","LoadingSpinner"],"fullName":" LoadingSpinner renders with custom size","status":"failed","title":"renders with custom size","duration":15,"failureMessages":["Element type is invalid: expected a string (for built-in components) or a class/function (for composite components) but got: undefined. You likely forgot to export your component from the file it's defined in, or you might have mixed up default and named imports."],"location":{"line":28478,"column":17}},{"ancestorTitles":["","LoadingSpinner"],"fullName":" LoadingSpinner renders with custom text","status":"failed","title":"renders with custom text","duration":16,"failureMessages":["Element type is invalid: expected a string (for built-in components) or a class/function (for composite components) but got: undefined. You likely forgot to export your component from the file it's defined in, or you might have mixed up default and named imports."],"location":{"line":28478,"column":17}},{"ancestorTitles":["","LoadingSpinner"],"fullName":" LoadingSpinner has proper accessibility attributes","status":"failed","title":"has proper accessibility attributes","duration":11,"failureMessages":["Element type is invalid: expected a string (for built-in components) or a class/function (for composite components) but got: undefined. You likely forgot to export your component from the file it's defined in, or you might have mixed up default and named imports."],"location":{"line":28478,"column":17}}],"startTime":1754497465083,"endTime":1754497465260,"status":"failed","message":"","name":"C:/playground/Python/ai_scrapper/frontend/src/components/__tests__/LoadingSpinner.test.tsx"},{"assertionResults":[{"ancestorTitles":["","RetryButton"],"fullName":" RetryButton renders retry button correctly","status":"failed","title":"renders retry button correctly","duration":55,"failureMessages":["Element type is invalid: expected a string (for built-in components) or a class/function (for composite components) but got: undefined. You likely forgot to export your component from the file it's defined in, or you might have mixed up default and named imports."],"location":{"line":28478,"column":17}},{"ancestorTitles":["","RetryButton"],"fullName":" RetryButton calls onRetry when clicked","status":"failed","title":"calls onRetry when clicked","duration":13,"failureMessages":["Element type is invalid: expected a string (for built-in components) or a class/function (for composite components) but got: undefined. You likely forgot to export your component from the file it's defined in, or you might have mixed up default and named imports."],"location":{"line":28478,"column":17}},{"ancestorTitles":["","RetryButton"],"fullName":" RetryButton shows loading state when isLoading is true","status":"failed","title":"shows loading state when isLoading is true","duration":9,"failureMessages":["Element type is invalid: expected a string (for built-in components) or a class/function (for composite components) but got: undefined. You likely forgot to export your component from the file it's defined in, or you might have mixed up default and named imports."],"location":{"line":28478,"column":17}},{"ancestorTitles":["","RetryButton"],"fullName":" RetryButton is disabled when disabled prop is true","status":"failed","title":"is disabled when disabled prop is true","duration":10,"failureMessages":["Element type is invalid: expected a string (for built-in components) or a class/function (for composite components) but got: undefined. You likely forgot to export your component from the file it's defined in, or you might have mixed up default and named imports."],"location":{"line":28478,"column":17}},{"ancestorTitles":["","RetryButton"],"fullName":" RetryButton renders with custom text","status":"failed","title":"renders with custom text","duration":17,"failureMessages":["Element type is invalid: expected a string (for built-in components) or a class/function (for composite components) but got: undefined. You likely forgot to export your component from the file it's defined in, or you might have mixed up default and named imports."],"location":{"line":28478,"column":17}},{"ancestorTitles":["","RetryButton"],"fullName":" RetryButton has proper accessibility attributes","status":"failed","title":"has proper accessibility attributes","duration":8,"failureMessages":["Element type is invalid: expected a string (for built-in components) or a class/function (for composite components) but got: undefined. You likely forgot to export your component from the file it's defined in, or you might have mixed up default and named imports."],"location":{"line":28478,"column":17}}],"startTime":1754497463890,"endTime":1754497464002,"status":"failed","message":"","name":"C:/playground/Python/ai_scrapper/frontend/src/components/__tests__/RetryButton.test.tsx"},{"assertionResults":[{"ancestorTitles":["","StatusBadge"],"fullName":" StatusBadge renders pending status correctly","status":"failed","title":"renders pending status correctly","duration":83,"failureMessages":["Element type is invalid: expected a string (for built-in components) or a class/function (for composite components) but got: undefined. You likely forgot to export your component from the file it's defined in, or you might have mixed up default and named imports."],"location":{"line":28478,"column":17}},{"ancestorTitles":["","StatusBadge"],"fullName":" StatusBadge renders completed status correctly","status":"failed","title":"renders completed status correctly","duration":15,"failureMessages":["Element type is invalid: expected a string (for built-in components) or a class/function (for composite components) but got: undefined. You likely forgot to export your component from the file it's defined in, or you might have mixed up default and named imports."],"location":{"line":28478,"column":17}},{"ancestorTitles":["","StatusBadge"],"fullName":" StatusBadge renders failed status correctly","status":"failed","title":"renders failed status correctly","duration":18,"failureMessages":["Element type is invalid: expected a string (for built-in components) or a class/function (for composite components) but got: undefined. You likely forgot to export your component from the file it's defined in, or you might have mixed up default and named imports."],"location":{"line":28478,"column":17}},{"ancestorTitles":["","StatusBadge"],"fullName":" StatusBadge renders running status correctly","status":"failed","title":"renders running status correctly","duration":13,"failureMessages":["Element type is invalid: expected a string (for built-in components) or a class/function (for composite components) but got: undefined. You likely forgot to export your component from the file it's defined in, or you might have mixed up default and named imports."],"location":{"line":28478,"column":17}},{"ancestorTitles":["","StatusBadge"],"fullName":" StatusBadge has proper accessibility attributes","status":"failed","title":"has proper accessibility attributes","duration":16,"failureMessages":["Element type is invalid: expected a string (for built-in components) or a class/function (for composite components) but got: undefined. You likely forgot to export your component from the file it's defined in, or you might have mixed up default and named imports."],"location":{"line":28478,"column":17}}],"startTime":1754497464687,"endTime":1754497464833,"status":"failed","message":"","name":"C:/playground/Python/ai_scrapper/frontend/src/components/__tests__/StatusBadge.test.tsx"},{"assertionResults":[{"ancestorTitles":["","useErrorHandler"],"fullName":" useErrorHandler handles errors and provides error state","status":"failed","title":"handles errors and provides error state","duration":92,"failureMessages":["useToast must be used within a ToastProvider"],"location":{"line":19,"column":11}},{"ancestorTitles":["","useErrorHandler"],"fullName":" useErrorHandler clears error state","status":"failed","title":"clears error state","duration":18,"failureMessages":["useToast must be used within a ToastProvider"],"location":{"line":19,"column":11}},{"ancestorTitles":["","useErrorHandler"],"fullName":" useErrorHandler handles string errors","status":"failed","title":"handles string errors","duration":12,"failureMessages":["useToast must be used within a ToastProvider"],"location":{"line":19,"column":11}},{"ancestorTitles":["","useErrorHandler"],"fullName":" useErrorHandler handles axios errors with response","status":"failed","title":"handles axios errors with response","duration":13,"failureMessages":["useToast must be used within a ToastProvider"],"location":{"line":19,"column":11}},{"ancestorTitles":["","useErrorHandler"],"fullName":" useErrorHandler handles axios errors without response","status":"failed","title":"handles axios errors without response","duration":17,"failureMessages":["useToast must be used within a ToastProvider"],"location":{"line":19,"column":11}}],"startTime":1754497462552,"endTime":1754497462704,"status":"failed","message":"","name":"C:/playground/Python/ai_scrapper/frontend/src/hooks/__tests__/useErrorHandler.test.tsx"},{"assertionResults":[],"startTime":1754497444730,"endTime":1754497444730,"status":"failed","message":"Missing required environment variables: VITE_API_BASE_URL","name":"C:/playground/Python/ai_scrapper/frontend/src/hooks/__tests__/useHealth.test.tsx"},{"assertionResults":[],"startTime":1754497444730,"endTime":1754497444730,"status":"failed","message":"Missing required environment variables: VITE_API_BASE_URL","name":"C:/playground/Python/ai_scrapper/frontend/src/hooks/__tests__/useJob.test.tsx"},{"assertionResults":[],"startTime":1754497444730,"endTime":1754497444730,"status":"failed","message":"Missing required environment variables: VITE_API_BASE_URL","name":"C:/playground/Python/ai_scrapper/frontend/src/hooks/__tests__/useJobs.test.tsx"},{"assertionResults":[],"startTime":1754497444730,"endTime":1754497444730,"status":"failed","message":"Missing required environment variables: VITE_API_BASE_URL","name":"C:/playground/Python/ai_scrapper/frontend/src/pages/__tests__/CloneJobPage.test.tsx"},{"assertionResults":[],"startTime":1754497444730,"endTime":1754497444730,"status":"failed","message":"Missing required environment variables: VITE_API_BASE_URL","name":"C:/playground/Python/ai_scrapper/frontend/src/pages/__tests__/CreateJob.test.tsx"},{"assertionResults":[],"startTime":1754497444730,"endTime":1754497444730,"status":"failed","message":"Missing required environment variables: VITE_API_BASE_URL","name":"C:/playground/Python/ai_scrapper/frontend/src/pages/__tests__/Dashboard.test.tsx"},{"assertionResults":[],"startTime":1754497444730,"endTime":1754497444730,"status":"failed","message":"Missing required environment variables: VITE_API_BASE_URL","name":"C:/playground/Python/ai_scrapper/frontend/src/pages/__tests__/Jobs.test.tsx"},{"assertionResults":[],"startTime":1754497444730,"endTime":1754497444730,"status":"failed","message":"Missing required environment variables: VITE_API_BASE_URL","name":"C:/playground/Python/ai_scrapper/frontend/src/services/__tests__/healthService.test.ts"},{"assertionResults":[],"startTime":1754497444730,"endTime":1754497444730,"status":"failed","message":"Missing required environment variables: VITE_API_BASE_URL","name":"C:/playground/Python/ai_scrapper/frontend/src/services/__tests__/jobService.test.ts"},{"assertionResults":[],"startTime":1754497444730,"endTime":1754497444730,"status":"failed","message":"Failed to resolve import \"jest-axe\" from \"src/test/integration/accessibility.test.tsx\". Does the file exist?","name":"C:/playground/Python/ai_scrapper/frontend/src/test/integration/accessibility.test.tsx"},{"assertionResults":[],"startTime":1754497444730,"endTime":1754497444730,"status":"failed","message":"React is not defined","name":"C:/playground/Python/ai_scrapper/frontend/src/test/integration/errorHandling.test.tsx"},{"assertionResults":[],"startTime":1754497444730,"endTime":1754497444730,"status":"failed","message":"[vitest] There was an error when mocking a module. If you are using \"vi.mock\" factory, make sure there are no top level variables inside, since this call is hoisted to top of the file. Read more: https://vitest.dev/api/vi.html#vi-mock","name":"C:/playground/Python/ai_scrapper/frontend/src/test/integration/jobClone.test.tsx"},{"assertionResults":[],"startTime":1754497444730,"endTime":1754497444730,"status":"failed","message":"Missing required environment variables: VITE_API_BASE_URL","name":"C:/playground/Python/ai_scrapper/frontend/src/test/integration/performance.test.tsx"},{"assertionResults":[{"ancestorTitles":["","End-to-End User Workflows","Job Creation Workflow"],"fullName":" End-to-End User Workflows Job Creation Workflow should allow user to create a new scraping job","status":"failed","title":"should allow user to create a new scraping job","duration":34,"failureMessages":["Cannot find module '../../services/api'\nRequire stack:\n- C:\\playground\\Python\\ai_scrapper\\frontend\\src\\test\\integration\\userWorkflows.test.tsx"],"location":{"line":70,"column":31}},{"ancestorTitles":["","End-to-End User Workflows","Job Creation Workflow"],"fullName":" End-to-End User Workflows Job Creation Workflow should show validation errors for invalid input","status":"failed","title":"should show validation errors for invalid input","duration":7,"failureMessages":["Cannot find module '../../services/api'\nRequire stack:\n- C:\\playground\\Python\\ai_scrapper\\frontend\\src\\test\\integration\\userWorkflows.test.tsx"],"location":{"line":70,"column":31}},{"ancestorTitles":["","End-to-End User Workflows","Job Monitoring Workflow"],"fullName":" End-to-End User Workflows Job Monitoring Workflow should display job list and allow monitoring","status":"failed","title":"should display job list and allow monitoring","duration":3,"failureMessages":["Cannot find module '../../services/api'\nRequire stack:\n- C:\\playground\\Python\\ai_scrapper\\frontend\\src\\test\\integration\\userWorkflows.test.tsx"],"location":{"line":70,"column":31}},{"ancestorTitles":["","End-to-End User Workflows","Job Monitoring Workflow"],"fullName":" End-to-End User Workflows Job Monitoring Workflow should allow viewing job details","status":"failed","title":"should allow viewing job details","duration":4,"failureMessages":["Cannot find module '../../services/api'\nRequire stack:\n- C:\\playground\\Python\\ai_scrapper\\frontend\\src\\test\\integration\\userWorkflows.test.tsx"],"location":{"line":70,"column":31}},{"ancestorTitles":["","End-to-End User Workflows","Results Viewing Workflow"],"fullName":" End-to-End User Workflows Results Viewing Workflow should display job results when available","status":"failed","title":"should display job results when available","duration":4,"failureMessages":["Cannot find module '../../services/api'\nRequire stack:\n- C:\\playground\\Python\\ai_scrapper\\frontend\\src\\test\\integration\\userWorkflows.test.tsx"],"location":{"line":70,"column":31}},{"ancestorTitles":["","End-to-End User Workflows","Results Viewing Workflow"],"fullName":" End-to-End User Workflows Results Viewing Workflow should allow exporting results","status":"failed","title":"should allow exporting results","duration":3,"failureMessages":["Cannot find module '../../services/api'\nRequire stack:\n- C:\\playground\\Python\\ai_scrapper\\frontend\\src\\test\\integration\\userWorkflows.test.tsx"],"location":{"line":70,"column":31}},{"ancestorTitles":["","End-to-End User Workflows","Error Handling Scenarios"],"fullName":" End-to-End User Workflows Error Handling Scenarios should handle API errors gracefully","status":"failed","title":"should handle API errors gracefully","duration":3,"failureMessages":["Cannot find module '../../services/api'\nRequire stack:\n- C:\\playground\\Python\\ai_scrapper\\frontend\\src\\test\\integration\\userWorkflows.test.tsx"],"location":{"line":70,"column":31}},{"ancestorTitles":["","End-to-End User Workflows","Error Handling Scenarios"],"fullName":" End-to-End User Workflows Error Handling Scenarios should handle network errors","status":"failed","title":"should handle network errors","duration":11,"failureMessages":["Cannot find module '../../services/api'\nRequire stack:\n- C:\\playground\\Python\\ai_scrapper\\frontend\\src\\test\\integration\\userWorkflows.test.tsx"],"location":{"line":70,"column":31}},{"ancestorTitles":["","End-to-End User Workflows","Error Handling Scenarios"],"fullName":" End-to-End User Workflows Error Handling Scenarios should show retry options for failed operations","status":"failed","title":"should show retry options for failed operations","duration":11,"failureMessages":["Cannot find module '../../services/api'\nRequire stack:\n- C:\\playground\\Python\\ai_scrapper\\frontend\\src\\test\\integration\\userWorkflows.test.tsx"],"location":{"line":70,"column":31}},{"ancestorTitles":["","End-to-End User Workflows","Accessibility Compliance"],"fullName":" End-to-End User Workflows Accessibility Compliance should have proper ARIA labels and roles","status":"failed","title":"should have proper ARIA labels and roles","duration":4,"failureMessages":["Cannot find module '../../services/api'\nRequire stack:\n- C:\\playground\\Python\\ai_scrapper\\frontend\\src\\test\\integration\\userWorkflows.test.tsx"],"location":{"line":70,"column":31}},{"ancestorTitles":["","End-to-End User Workflows","Accessibility Compliance"],"fullName":" End-to-End User Workflows Accessibility Compliance should support keyboard navigation","status":"failed","title":"should support keyboard navigation","duration":3,"failureMessages":["Cannot find module '../../services/api'\nRequire stack:\n- C:\\playground\\Python\\ai_scrapper\\frontend\\src\\test\\integration\\userWorkflows.test.tsx"],"location":{"line":70,"column":31}},{"ancestorTitles":["","End-to-End User Workflows","Performance Considerations"],"fullName":" End-to-End User Workflows Performance Considerations should handle large datasets efficiently","status":"failed","title":"should handle large datasets efficiently","duration":17,"failureMessages":["Cannot find module '../../services/api'\nRequire stack:\n- C:\\playground\\Python\\ai_scrapper\\frontend\\src\\test\\integration\\userWorkflows.test.tsx"],"location":{"line":70,"column":31}}],"startTime":1754497457597,"endTime":1754497457705,"status":"failed","message":"","name":"C:/playground/Python/ai_scrapper/frontend/src/test/integration/userWorkflows.test.tsx"},{"assertionResults":[{"ancestorTitles":["","errorHandling utilities","handleApiError"],"fullName":" errorHandling utilities handleApiError handles network errors","status":"failed","title":"handles network errors","duration":33,"failureMessages":["expected 'Network Error' to contain 'network'"],"location":{"line":27,"column":30}},{"ancestorTitles":["","errorHandling utilities","handleApiError"],"fullName":" errorHandling utilities handleApiError handles validation errors","status":"passed","title":"handles validation errors","duration":6,"failureMessages":[]},{"ancestorTitles":["","errorHandling utilities","handleApiError"],"fullName":" errorHandling utilities handleApiError handles server errors","status":"passed","title":"handles server errors","duration":2,"failureMessages":[]},{"ancestorTitles":["","errorHandling utilities","handleApiError"],"fullName":" errorHandling utilities handleApiError handles timeout errors","status":"passed","title":"handles timeout errors","duration":2,"failureMessages":[]},{"ancestorTitles":["","errorHandling utilities","handleApiError"],"fullName":" errorHandling utilities handleApiError handles unknown errors","status":"passed","title":"handles unknown errors","duration":3,"failureMessages":[]},{"ancestorTitles":["","errorHandling utilities","formatErrorMessage"],"fullName":" errorHandling utilities formatErrorMessage formats simple error messages","status":"passed","title":"formats simple error messages","duration":3,"failureMessages":[]},{"ancestorTitles":["","errorHandling utilities","formatErrorMessage"],"fullName":" errorHandling utilities formatErrorMessage formats API error responses","status":"failed","title":"formats API error responses","duration":5,"failureMessages":["expected 'API error' to be 'API error message' // Object.is equality"],"location":{"line":92,"column":44}},{"ancestorTitles":["","errorHandling utilities","formatErrorMessage"],"fullName":" errorHandling utilities formatErrorMessage handles errors without messages","status":"passed","title":"handles errors without messages","duration":1,"failureMessages":[]},{"ancestorTitles":["","errorHandling utilities","formatErrorMessage"],"fullName":" errorHandling utilities formatErrorMessage handles string errors","status":"passed","title":"handles string errors","duration":3,"failureMessages":[]},{"ancestorTitles":["","errorHandling utilities","isNetworkError"],"fullName":" errorHandling utilities isNetworkError identifies network errors","status":"passed","title":"identifies network errors","duration":2,"failureMessages":[]},{"ancestorTitles":["","errorHandling utilities","isNetworkError"],"fullName":" errorHandling utilities isNetworkError identifies connection errors","status":"passed","title":"identifies connection errors","duration":2,"failureMessages":[]},{"ancestorTitles":["","errorHandling utilities","isNetworkError"],"fullName":" errorHandling utilities isNetworkError rejects non-network errors","status":"passed","title":"rejects non-network errors","duration":1,"failureMessages":[]},{"ancestorTitles":["","errorHandling utilities","isValidationError"],"fullName":" errorHandling utilities isValidationError identifies validation errors by status code","status":"passed","title":"identifies validation errors by status code","duration":2,"failureMessages":[]},{"ancestorTitles":["","errorHandling utilities","isValidationError"],"fullName":" errorHandling utilities isValidationError identifies validation errors by status code 422","status":"passed","title":"identifies validation errors by status code 422","duration":2,"failureMessages":[]},{"ancestorTitles":["","errorHandling utilities","isValidationError"],"fullName":" errorHandling utilities isValidationError rejects non-validation errors","status":"passed","title":"rejects non-validation errors","duration":2,"failureMessages":[]},{"ancestorTitles":["","errorHandling utilities","createErrorToast"],"fullName":" errorHandling utilities createErrorToast creates error toast with message","status":"passed","title":"creates error toast with message","duration":2,"failureMessages":[]},{"ancestorTitles":["","errorHandling utilities","createErrorToast"],"fullName":" errorHandling utilities createErrorToast creates error toast with custom duration","status":"passed","title":"creates error toast with custom duration","duration":2,"failureMessages":[]},{"ancestorTitles":["","errorHandling utilities","createErrorToast"],"fullName":" errorHandling utilities createErrorToast includes retry action when provided","status":"passed","title":"includes retry action when provided","duration":4,"failureMessages":[]},{"ancestorTitles":["","errorHandling utilities","logError"],"fullName":" errorHandling utilities logError logs errors to console","status":"failed","title":"logs errors to console","duration":14,"failureMessages":["expected \"error\" to be called with arguments: [ 'Error in Test context:', …(1) ]\u001b[90m\n\nReceived: \n\n\u001b[1m  1st error call:\n\n\u001b[22m\u001b[2m  Array [\u001b[22m\n\u001b[32m-   \"Error in Test context:\",\u001b[90m\n\u001b[31m+   \"Unknown Error:\",\u001b[90m\n\u001b[31m+   \"[Test context] Test error\",\u001b[90m\n\u001b[2m    [Error: Test error],\u001b[22m\n\u001b[2m  ]\u001b[22m\n\u001b[39m\u001b[90m\n\nNumber of calls: \u001b[1m1\u001b[22m\n\u001b[39m"],"location":{"line":176,"column":32}},{"ancestorTitles":["","errorHandling utilities","logError"],"fullName":" errorHandling utilities logError logs errors without context","status":"failed","title":"logs errors without context","duration":5,"failureMessages":["expected \"error\" to be called with arguments: [ 'Error:', Error: Test error ]\u001b[90m\n\nReceived: \n\n\u001b[1m  1st error call:\n\n\u001b[22m\u001b[2m  Array [\u001b[22m\n\u001b[32m-   \"Error:\",\u001b[90m\n\u001b[31m+   \"Unknown Error:\",\u001b[90m\n\u001b[31m+   \"Test error\",\u001b[90m\n\u001b[2m    [Error: Test error],\u001b[22m\n\u001b[2m  ]\u001b[22m\n\u001b[39m\u001b[90m\n\nNumber of calls: \u001b[1m1\u001b[22m\n\u001b[39m"],"location":{"line":186,"column":32}},{"ancestorTitles":["","errorHandling utilities","logError"],"fullName":" errorHandling utilities logError handles non-Error objects","status":"failed","title":"handles non-Error objects","duration":6,"failureMessages":["expected \"error\" to be called with arguments: [ 'Error in Test context:', …(1) ]\u001b[90m\n\nReceived: \n\n\u001b[1m  1st error call:\n\n\u001b[22m\u001b[2m  Array [\u001b[22m\n\u001b[32m-   \"Error in Test context:\",\u001b[90m\n\u001b[31m+   \"Unknown Error:\",\u001b[90m\n\u001b[31m+   \"[Test context] Error object\",\u001b[90m\n\u001b[2m    Object {\u001b[22m\n\u001b[2m      \"message\": \"Error object\",\u001b[22m\n\u001b[2m    },\u001b[22m\n\u001b[2m  ]\u001b[22m\n\u001b[39m\u001b[90m\n\nNumber of calls: \u001b[1m1\u001b[22m\n\u001b[39m"],"location":{"line":196,"column":32}}],"startTime":1754497450570,"endTime":1754497450677,"status":"failed","message":"","name":"C:/playground/Python/ai_scrapper/frontend/src/utils/__tests__/errorHandling.test.ts"},{"assertionResults":[{"ancestorTitles":["","exportUtils","exportToCSV"],"fullName":" exportUtils exportToCSV exports jobs to CSV format","status":"passed","title":"exports jobs to CSV format","duration":20,"failureMessages":[]},{"ancestorTitles":["","exportUtils","exportToCSV"],"fullName":" exportUtils exportToCSV handles empty jobs array","status":"failed","title":"handles empty jobs array","duration":68,"failureMessages":["expected \"spy\" to be called at least once"],"location":{"line":69,"column":25}},{"ancestorTitles":["","exportUtils","exportToJSON"],"fullName":" exportUtils exportToJSON exports jobs to JSON format","status":"failed","title":"exports jobs to JSON format","duration":31,"failureMessages":["expected 'test-export.csv' to be 'test-export.json' // Object.is equality"],"location":{"line":82,"column":42}},{"ancestorTitles":["","exportUtils","exportToJSON"],"fullName":" exportUtils exportToJSON creates properly formatted JSON","status":"passed","title":"creates properly formatted JSON","duration":12,"failureMessages":[]}],"startTime":1754497460760,"endTime":1754497460895,"status":"failed","message":"","name":"C:/playground/Python/ai_scrapper/frontend/src/utils/__tests__/exportUtils.test.ts"},{"assertionResults":[{"ancestorTitles":["","jobUtils","mapJobToFormData"],"fullName":" jobUtils mapJobToFormData should map basic job properties to form data","status":"passed","title":"should map basic job properties to form data","duration":14,"failureMessages":[]},{"ancestorTitles":["","jobUtils","mapJobToFormData"],"fullName":" jobUtils mapJobToFormData should handle job without metadata","status":"passed","title":"should handle job without metadata","duration":5,"failureMessages":[]},{"ancestorTitles":["","jobUtils","mapJobToFormData"],"fullName":" jobUtils mapJobToFormData should handle job with empty metadata","status":"passed","title":"should handle job with empty metadata","duration":4,"failureMessages":[]},{"ancestorTitles":["","jobUtils","mapJobToFormData"],"fullName":" jobUtils mapJobToFormData should filter out invalid metadata types","status":"passed","title":"should filter out invalid metadata types","duration":4,"failureMessages":[]},{"ancestorTitles":["","jobUtils","mapJobToFormData edge cases"],"fullName":" jobUtils mapJobToFormData edge cases should handle jobs with complex nested metadata","status":"passed","title":"should handle jobs with complex nested metadata","duration":12,"failureMessages":[]},{"ancestorTitles":["","jobUtils","mapJobToFormData edge cases"],"fullName":" jobUtils mapJobToFormData edge cases should handle job with null metadata","status":"passed","title":"should handle job with null metadata","duration":2,"failureMessages":[]},{"ancestorTitles":["","jobUtils","mapJobToFormData edge cases"],"fullName":" jobUtils mapJobToFormData edge cases should handle job with extremely large metadata objects","status":"passed","title":"should handle job with extremely large metadata objects","duration":11,"failureMessages":[]},{"ancestorTitles":["","jobUtils","mapJobToFormData edge cases"],"fullName":" jobUtils mapJobToFormData edge cases should handle special string values in metadata","status":"passed","title":"should handle special string values in metadata","duration":2,"failureMessages":[]},{"ancestorTitles":["","jobUtils","mapJobToFormData edge cases"],"fullName":" jobUtils mapJobToFormData edge cases should handle all job status types","status":"passed","title":"should handle all job status types","duration":6,"failureMessages":[]},{"ancestorTitles":["","jobUtils","mapJobToFormDataWithCreationData"],"fullName":" jobUtils mapJobToFormDataWithCreationData should merge job data with creation data","status":"passed","title":"should merge job data with creation data","duration":3,"failureMessages":[]},{"ancestorTitles":["","jobUtils","mapJobToFormDataWithCreationData"],"fullName":" jobUtils mapJobToFormDataWithCreationData should work without creation data","status":"passed","title":"should work without creation data","duration":2,"failureMessages":[]},{"ancestorTitles":["","jobUtils","mapJobToFormDataWithCreationData"],"fullName":" jobUtils mapJobToFormDataWithCreationData should handle empty selectors and headers","status":"passed","title":"should handle empty selectors and headers","duration":1,"failureMessages":[]},{"ancestorTitles":["","jobUtils","mapJobToFormDataWithCreationData"],"fullName":" jobUtils mapJobToFormDataWithCreationData should handle partial creation data","status":"passed","title":"should handle partial creation data","duration":2,"failureMessages":[]},{"ancestorTitles":["","jobUtils","mapJobToFormDataWithCreationData"],"fullName":" jobUtils mapJobToFormDataWithCreationData should handle empty string values correctly","status":"passed","title":"should handle empty string values correctly","duration":1,"failureMessages":[]}],"startTime":1754497450556,"endTime":1754497450626,"status":"passed","message":"","name":"C:/playground/Python/ai_scrapper/frontend/src/utils/__tests__/jobUtils.test.ts"},{"assertionResults":[{"ancestorTitles":["","validation utilities","validateUrl"],"fullName":" validation utilities validateUrl validates correct URLs","status":"passed","title":"validates correct URLs","duration":19,"failureMessages":[]},{"ancestorTitles":["","validation utilities","validateUrl"],"fullName":" validation utilities validateUrl rejects invalid URLs","status":"passed","title":"rejects invalid URLs","duration":6,"failureMessages":[]},{"ancestorTitles":["","validation utilities","validateUrl"],"fullName":" validation utilities validateUrl handles edge cases","status":"failed","title":"handles edge cases","duration":29,"failureMessages":["expected true to be false // Object.is equality"],"location":{"line":28,"column":40}},{"ancestorTitles":["","validation utilities","validateSelector"],"fullName":" validation utilities validateSelector validates correct CSS selectors","status":"passed","title":"validates correct CSS selectors","duration":32,"failureMessages":[]},{"ancestorTitles":["","validation utilities","validateSelector"],"fullName":" validation utilities validateSelector rejects invalid CSS selectors","status":"failed","title":"rejects invalid CSS selectors","duration":9,"failureMessages":["expected true to be false // Object.is equality"],"location":{"line":44,"column":52}},{"ancestorTitles":["","validation utilities","validateSelector"],"fullName":" validation utilities validateSelector handles complex selectors","status":"passed","title":"handles complex selectors","duration":10,"failureMessages":[]},{"ancestorTitles":["","validation utilities","validateTimeout"],"fullName":" validation utilities validateTimeout validates correct timeout values","status":"passed","title":"validates correct timeout values","duration":2,"failureMessages":[]},{"ancestorTitles":["","validation utilities","validateTimeout"],"fullName":" validation utilities validateTimeout rejects invalid timeout values","status":"passed","title":"rejects invalid timeout values","duration":2,"failureMessages":[]},{"ancestorTitles":["","validation utilities","validateTimeout"],"fullName":" validation utilities validateTimeout handles edge cases","status":"passed","title":"handles edge cases","duration":3,"failureMessages":[]},{"ancestorTitles":["","validation utilities","validateHeaders"],"fullName":" validation utilities validateHeaders validates correct headers","status":"passed","title":"validates correct headers","duration":3,"failureMessages":[]},{"ancestorTitles":["","validation utilities","validateHeaders"],"fullName":" validation utilities validateHeaders rejects invalid headers","status":"passed","title":"rejects invalid headers","duration":2,"failureMessages":[]},{"ancestorTitles":["","validation utilities","validateHeaders"],"fullName":" validation utilities validateHeaders handles special characters","status":"passed","title":"handles special characters","duration":2,"failureMessages":[]},{"ancestorTitles":["","validation utilities","sanitizeInput"],"fullName":" validation utilities sanitizeInput sanitizes HTML input","status":"passed","title":"sanitizes HTML input","duration":2,"failureMessages":[]},{"ancestorTitles":["","validation utilities","sanitizeInput"],"fullName":" validation utilities sanitizeInput handles XSS attempts","status":"passed","title":"handles XSS attempts","duration":1,"failureMessages":[]},{"ancestorTitles":["","validation utilities","sanitizeInput"],"fullName":" validation utilities sanitizeInput preserves safe content","status":"passed","title":"preserves safe content","duration":2,"failureMessages":[]},{"ancestorTitles":["","validation utilities","isValidJobData"],"fullName":" validation utilities isValidJobData validates complete job data","status":"passed","title":"validates complete job data","duration":2,"failureMessages":[]},{"ancestorTitles":["","validation utilities","isValidJobData"],"fullName":" validation utilities isValidJobData validates minimal job data","status":"passed","title":"validates minimal job data","duration":2,"failureMessages":[]},{"ancestorTitles":["","validation utilities","isValidJobData"],"fullName":" validation utilities isValidJobData rejects invalid job data","status":"passed","title":"rejects invalid job data","duration":3,"failureMessages":[]},{"ancestorTitles":["","validation utilities","isValidJobData"],"fullName":" validation utilities isValidJobData handles optional fields","status":"passed","title":"handles optional fields","duration":1,"failureMessages":[]}],"startTime":1754497455139,"endTime":1754497455276,"status":"failed","message":"","name":"C:/playground/Python/ai_scrapper/frontend/src/utils/__tests__/validation.test.ts"},{"assertionResults":[{"ancestorTitles":["","JobForm Clone Mode Integration","Complete Clone Workflow"],"fullName":" JobForm Clone Mode Integration Complete Clone Workflow should successfully clone a job with pre-filled data","status":"failed","title":"should successfully clone a job with pre-filled data","duration":837,"failureMessages":["Unable to find an element with the text: Cloning.... This could be because the text is broken up by multiple elements. In this case, you can provide a function for your text matcher to make your matcher more flexible.\n\nIgnored nodes: comments, script, style\n\u001b[36m<body>\u001b[39m\n  \u001b[36m<div\u001b[39m\n    \u001b[33mid\u001b[39m=\u001b[32m\"toast-container\"\u001b[39m\n  \u001b[36m/>\u001b[39m\n  \u001b[36m<div>\u001b[39m\n    \u001b[36m<div\u001b[39m\n      \u001b[33mclass\u001b[39m=\u001b[32m\"max-w-4xl mx-auto \"\u001b[39m\n    \u001b[36m>\u001b[39m\n      \u001b[36m<form\u001b[39m\n        \u001b[33mclass\u001b[39m=\u001b[32m\"space-y-6\"\u001b[39m\n      \u001b[36m>\u001b[39m\n        \u001b[36m<div\u001b[39m\n          \u001b[33mclass\u001b[39m=\u001b[32m\"bg-white shadow rounded-lg p-6\"\u001b[39m\n        \u001b[36m>\u001b[39m\n          \u001b[36m<div\u001b[39m\n            \u001b[33mclass\u001b[39m=\u001b[32m\"space-y-2 \"\u001b[39m\n          \u001b[36m>\u001b[39m\n            \u001b[36m<label\u001b[39m\n              \u001b[33mclass\u001b[39m=\u001b[32m\"block text-sm font-medium text-gray-700\"\u001b[39m\n              \u001b[33mfor\u001b[39m=\u001b[32m\"url-input-usdpwt03g\"\u001b[39m\n            \u001b[36m>\u001b[39m\n              \u001b[0mURL\u001b[0m\n              \u001b[36m<span\u001b[39m\n                \u001b[33maria-hidden\u001b[39m=\u001b[32m\"true\"\u001b[39m\n                \u001b[33mclass\u001b[39m=\u001b[32m\"text-red-500 ml-1\"\u001b[39m\n              \u001b[36m>\u001b[39m\n                \u001b[0m*\u001b[0m\n              \u001b[36m</span>\u001b[39m\n              \u001b[36m<span\u001b[39m\n                \u001b[33mclass\u001b[39m=\u001b[32m\"sr-only\"\u001b[39m\n              \u001b[36m>\u001b[39m\n                \u001b[0mrequired\u001b[0m\n              \u001b[36m</span>\u001b[39m\n            \u001b[36m</label>\u001b[39m\n            \u001b[36m<div\u001b[39m\n              \u001b[33mclass\u001b[39m=\u001b[32m\"relative\"\u001b[39m\n            \u001b[36m>\u001b[39m\n              \u001b[36m<input\u001b[39m\n                \u001b[33maria-describedby\u001b[39m=\u001b[32m\"url-input-usdpwt03g-preview\"\u001b[39m\n                \u001b[33maria-invalid\u001b[39m=\u001b[32m\"false\"\u001b[39m\n                \u001b[33maria-required\u001b[39m=\u001b[32m\"true\"\u001b[39m\n                \u001b[33mclass\u001b[39m=\u001b[32m\"\n            block w-full px-3 py-2 border rounded-md shadow-sm transition-colors duration-200\n            placeholder-gray-400 focus:outline-none focus:ring-2 focus:ring-primary-500 focus:border-primary-500\n            border-gray-300\n          \"\u001b[39m\n                \u001b[33mid\u001b[39m=\u001b[32m\"url-input-usdpwt03g\"\u001b[39m\n                \u001b[33mname\u001b[39m=\u001b[32m\"url\"\u001b[39m\n                \u001b[33mplaceholder\u001b[39m=\u001b[32m\"https://example.com\"\u001b[39m\n                \u001b[33mtype\u001b[39m=\u001b[32m\"url\"\u001b[39m\n              \u001b[36m/>\u001b[39m\n              \u001b[36m<div\u001b[39m\n                \u001b[33maria-hidden\u001b[39m=\u001b[32m\"true\"\u001b[39m\n                \u001b[33mclass\u001b[39m=\u001b[32m\"absolute right-3 top-1/2 transform -translate-y-1/2\"\u001b[39m\n              \u001b[36m>\u001b[39m\n                \u001b[36m<div\u001b[39m\n                  \u001b[33mclass\u001b[39m=\u001b[32m\"flex items-center space-x-2\"\u001b[39m\n                \u001b[36m>\u001b[39m\n                  \u001b[36m<span\u001b[39m\n                    \u001b[33mclass\u001b[39m=\u001b[32m\"\n                inline-flex items-center px-2 py-1 rounded-full text-xs font-medium\n                bg-green-100 text-green-800\n              \"\u001b[39m\n                  \u001b[36m>\u001b[39m\n                    \u001b[0mHTTPS\u001b[0m\n                  \u001b[36m</span>\u001b[39m\n                \u001b[36m</div>\u001b[39m\n              \u001b[36m</div>\u001b[39m\n            \u001b[36m</div>\u001b[39m\n            \u001b[36m<div\u001b[39m\n              \u001b[33maria-live\u001b[39m=\u001b[32m\"polite\"\u001b[39m\n              \u001b[33mclass\u001b[39m=\u001b[32m\"flex items-center space-x-2 text-sm text-gray-600\"\u001b[39m\n              \u001b[33mid\u001b[39m=\u001b[32m\"url-input-usdpwt03g-preview\"\u001b[39m\n              \u001b[33mrole\u001b[39m=\u001b[32m\"status\"\u001b[39m\n            \u001b[36m>\u001b[39m\n              \u001b[36m<svg\u001b[39m\n                \u001b[33maria-hidden\u001b[39m=\u001b[32m\"true\"\u001b[39m\n                \u001b[33mclass\u001b[39m=\u001b[32m\"w-4 h-4 text-green-500\"\u001b[39m\n                \u001b[33mfill\u001b[39m=\u001b[32m\"currentColor\"\u001b[39m\n                \u001b[33mviewBox\u001b[39m=\u001b[32m\"0 0 20 20\"\u001b[39m\n              \u001b[36m>\u001b[39m\n                \u001b[36m<path\u001b[39m\n                  \u001b[33mclip-rule\u001b[39m=\u001b[32m\"evenodd\"\u001b[39m\n                  \u001b[33md\u001b[39m=\u001b[32m\"M10 18a8 8 0 100-16 8 8 0 000 16zm3.707-9.293a1 1 0 00-1.414-1.414L9 10.586 7.707 9.293a1 1 0 00-1.414 1.414l2 2a1 1 0 001.414 0l4-4z\"\u001b[39m\n                  \u001b[33mfill-rule\u001b[39m=\u001b[32m\"evenodd\"\u001b[39m\n                \u001b[36m/>\u001b[39m\n              \u001b[36m</svg>\u001b[39m\n              \u001b[36m<span>\u001b[39m\n                \u001b[0mValid URL - Domain: \u001b[0m\n                \u001b[0mexample.com\u001b[0m\n                \u001b[0m (Secure)\u001b[0m\n              \u001b[36m</span>\u001b[39m\n            \u001b[36m</div>\u001b[39m\n          \u001b[36m</div>\u001b[39m\n        \u001b[36m</div>\u001b[39m\n        \u001b[36m<div\u001b[39m\n          \u001b[33mclass\u001b[39m=\u001b[32m\"bg-white shadow rounded-lg p-6\"\u001b[39m\n        \u001b[36m>\u001b[39m\n          \u001b[36m<div\u001b[39m\n            \u001b[33mclass\u001b[39m=\u001b[32m\"space-y-4\"\u001b[39m\n          \u001b[36m>\u001b[39m\n            \u001b[36m<div\u001b[39m\n              \u001b[33mclass\u001b[39m=\u001b[32m\"flex items-center justify-between\"\u001b[39m\n            \u001b[36m>\u001b[39m\n              \u001b[36m<label\u001b[39m\n                \u001b[33mclass\u001b[39m=\u001b[32m\"block text-sm font-medium text-gray-700\"\u001b[39m\n              \u001b[36m>\u001b[39m\n                \u001b[0mCSS Selectors\u001b[0m\n              \u001b[36m</label>\u001b[39m\n              \u001b[36m<span\u001b[39m\n                \u001b[33mclass\u001b[39m=\u001b[32m\"text-xs text-gray-500\"\u001b[39m\n              \u001b[36m>\u001b[39m\n                \u001b[0mDefine what data to extract from the page\u001b[0m\n              \u001b[36m</span>\u001b[39m\n            \u001b[36m</div>\u001b[39m\n            \u001b[36m<div\u001b[39m\n              \u001b[33mclass\u001b[39m=\u001b[32m\"space-y-3\"\u001b[39m\n            \u001b[36m>\u001b[39m\n              \u001b[36m<div\u001b[39m\n                \u001b[33mclass\u001b[39m=\u001b[32m\"flex items-center space-x-3 p-3 bg-gray-50 rounded-lg\"\u001b[39m\n              \u001b[36m>\u001b[39m\n                \u001b[36m<div\u001b[39m\n                  \u001b[33mclass\u001b[39m=\u001b[32m\"flex-1\"\u001b[39m\n                \u001b[36m>\u001b[39m\n                  \u001b[36m<input\u001b[39m\n                    \u001b[33mclass\u001b[39m=\u001b[32m\"block w-full px-3 py-2 text-sm border border-gray-300 rounded-md focus:outline-none focus:ring-2 focus:ring-blue-500 focus:border-blue-500\"\u001b[39m\n                    \u001b[33mplaceholder\u001b[39m=\u001b[32m\"Field name (e.g., title)\"\u001b[39m\n                    \u001b[33mtype\u001b[39m=\u001b[32m\"text\"\u001b[39m\n                    \u001b[33mvalue\u001b[39m=\u001b[32m\"title\"\u001b[39m\n                  \u001b[36m/>\u001b[39m\n                \u001b[36m</div>\u001b[39m\n                \u001b[36m<div\u001b[39m\n                  \u001b[33mclass\u001b[39m=\u001b[32m\"flex-2\"\u001b[39m\n                \u001b[36m>\u001b[39m\n                  \u001b[36m<input\u001b[39m\n                    \u001b[33mclass\u001b[39m=\u001b[32m\"block w-full px-3 py-2 text-sm border border-gray-300 rounded-md focus:outline-none focus:ring-2 focus:ring-blue-500 focus:border-blue-500\"\u001b[39m\n                    \u001b[33mplaceholder\u001b[39m=\u001b[32m\"CSS selector (e.g., h1, .title, #main-content)\"\u001b[39m\n                    \u001b[33mtype\u001b[39m=\u001b[32m\"text\"\u001b[39m\n                    \u001b[33mvalue\u001b[39m=\u001b[32m\"h1.main-title\"\u001b[39m\n                  \u001b[36m/>\u001b[39m\n                \u001b[36m</div>\u001b[39m\n                \u001b[36m<button\u001b[39m\n                  \u001b[33mclass\u001b[39m=\u001b[32m\"p-2 text-red-600 hover:text-red-800 hover:bg-red-50 rounded-md transition-colors\"\u001b[39m\n                  \u001b[33mtitle\u001b[39m=\u001b[32m\"Remove selector\"\u001b[39m\n                  \u001b[33mtype\u001b[39m=\u001b[32m\"button\"\u001b[39m\n                \u001b[36m>\u001b[39m\n                  \u001b[36m<svg\u001b[39m\n                    \u001b[33mclass\u001b[39m=\u001b[32m\"w-4 h-4\"\u001b[39m\n                    \u001b[33mfill\u001b[39m=\u001b[32m\"currentColor\"\u001b[39m\n                    \u001b[33mviewBox\u001b[39m=\u001b[32m\"0 0 20 20\"\u001b[39m\n                  \u001b[36m>\u001b[39m\n                    \u001b[36m<path\u001b[39m\n                      \u001b[33mclip-rule\u001b[39m=\u001b[32m\"evenodd\"\u001b[39m\n                      \u001b[33md\u001b[39m=\u001b[32m\"M4.293 4.293a1 1 0 011.414 0L10 8.586l4.293-4..."],"location":{"line":37,"column":19}},{"ancestorTitles":["","JobForm Clone Mode Integration","Complete Clone Workflow"],"fullName":" JobForm Clone Mode Integration Complete Clone Workflow should allow editing fields before cloning","status":"failed","title":"should allow editing fields before cloning","duration":572,"failureMessages":["Found multiple elements with the placeholder text of: CSS selector (e.g., h1, .title, #main-content)\n\nHere are the matching elements:\n\nIgnored nodes: comments, script, style\n\u001b[36m<input\u001b[39m\n  \u001b[33mclass\u001b[39m=\u001b[32m\"block w-full px-3 py-2 text-sm border border-gray-300 rounded-md focus:outline-none focus:ring-2 focus:ring-blue-500 focus:border-blue-500\"\u001b[39m\n  \u001b[33mplaceholder\u001b[39m=\u001b[32m\"CSS selector (e.g., h1, .title, #main-content)\"\u001b[39m\n  \u001b[33mtype\u001b[39m=\u001b[32m\"text\"\u001b[39m\n  \u001b[33mvalue\u001b[39m=\u001b[32m\"h1\"\u001b[39m\n\u001b[36m/>\u001b[39m\n\nIgnored nodes: comments, script, style\n\u001b[36m<input\u001b[39m\n  \u001b[33mclass\u001b[39m=\u001b[32m\"\n                  block w-full px-3 py-2 text-sm border rounded-md focus:outline-none focus:ring-2 focus:ring-blue-500 focus:border-blue-500\n                  border-gray-300\n                \"\u001b[39m\n  \u001b[33mplaceholder\u001b[39m=\u001b[32m\"CSS selector (e.g., h1, .title, #main-content)\"\u001b[39m\n  \u001b[33mtype\u001b[39m=\u001b[32m\"text\"\u001b[39m\n  \u001b[33mvalue\u001b[39m=\u001b[32m\"\"\u001b[39m\n\u001b[36m/>\u001b[39m\n\n(If this is intentional, then use the `*AllBy*` variant of the query (like `queryAllByText`, `getAllByText`, or `findAllByText`)).\n\nIgnored nodes: comments, script, style\n\u001b[36m<body>\u001b[39m\n  \u001b[36m<div\u001b[39m\n    \u001b[33mid\u001b[39m=\u001b[32m\"toast-container\"\u001b[39m\n  \u001b[36m/>\u001b[39m\n  \u001b[36m<div>\u001b[39m\n    \u001b[36m<div\u001b[39m\n      \u001b[33mclass\u001b[39m=\u001b[32m\"max-w-4xl mx-auto \"\u001b[39m\n    \u001b[36m>\u001b[39m\n      \u001b[36m<form\u001b[39m\n        \u001b[33mclass\u001b[39m=\u001b[32m\"space-y-6\"\u001b[39m\n      \u001b[36m>\u001b[39m\n        \u001b[36m<div\u001b[39m\n          \u001b[33mclass\u001b[39m=\u001b[32m\"bg-white shadow rounded-lg p-6\"\u001b[39m\n        \u001b[36m>\u001b[39m\n          \u001b[36m<div\u001b[39m\n            \u001b[33mclass\u001b[39m=\u001b[32m\"space-y-2 \"\u001b[39m\n          \u001b[36m>\u001b[39m\n            \u001b[36m<label\u001b[39m\n              \u001b[33mclass\u001b[39m=\u001b[32m\"block text-sm font-medium text-gray-700\"\u001b[39m\n              \u001b[33mfor\u001b[39m=\u001b[32m\"url-input-xzhfitt48\"\u001b[39m\n            \u001b[36m>\u001b[39m\n              \u001b[0mURL\u001b[0m\n              \u001b[36m<span\u001b[39m\n                \u001b[33maria-hidden\u001b[39m=\u001b[32m\"true\"\u001b[39m\n                \u001b[33mclass\u001b[39m=\u001b[32m\"text-red-500 ml-1\"\u001b[39m\n              \u001b[36m>\u001b[39m\n                \u001b[0m*\u001b[0m\n              \u001b[36m</span>\u001b[39m\n              \u001b[36m<span\u001b[39m\n                \u001b[33mclass\u001b[39m=\u001b[32m\"sr-only\"\u001b[39m\n              \u001b[36m>\u001b[39m\n                \u001b[0mrequired\u001b[0m\n              \u001b[36m</span>\u001b[39m\n            \u001b[36m</label>\u001b[39m\n            \u001b[36m<div\u001b[39m\n              \u001b[33mclass\u001b[39m=\u001b[32m\"relative\"\u001b[39m\n            \u001b[36m>\u001b[39m\n              \u001b[36m<input\u001b[39m\n                \u001b[33maria-describedby\u001b[39m=\u001b[32m\"url-input-xzhfitt48-preview\"\u001b[39m\n                \u001b[33maria-invalid\u001b[39m=\u001b[32m\"false\"\u001b[39m\n                \u001b[33maria-required\u001b[39m=\u001b[32m\"true\"\u001b[39m\n                \u001b[33mclass\u001b[39m=\u001b[32m\"\n            block w-full px-3 py-2 border rounded-md shadow-sm transition-colors duration-200\n            placeholder-gray-400 focus:outline-none focus:ring-2 focus:ring-primary-500 focus:border-primary-500\n            border-gray-300\n          \"\u001b[39m\n                \u001b[33mid\u001b[39m=\u001b[32m\"url-input-xzhfitt48\"\u001b[39m\n                \u001b[33mname\u001b[39m=\u001b[32m\"url\"\u001b[39m\n                \u001b[33mplaceholder\u001b[39m=\u001b[32m\"https://example.com\"\u001b[39m\n                \u001b[33mtype\u001b[39m=\u001b[32m\"url\"\u001b[39m\n              \u001b[36m/>\u001b[39m\n              \u001b[36m<div\u001b[39m\n                \u001b[33maria-hidden\u001b[39m=\u001b[32m\"true\"\u001b[39m\n                \u001b[33mclass\u001b[39m=\u001b[32m\"absolute right-3 top-1/2 transform -translate-y-1/2\"\u001b[39m\n              \u001b[36m>\u001b[39m\n                \u001b[36m<div\u001b[39m\n                  \u001b[33mclass\u001b[39m=\u001b[32m\"flex items-center space-x-2\"\u001b[39m\n                \u001b[36m>\u001b[39m\n                  \u001b[36m<span\u001b[39m\n                    \u001b[33mclass\u001b[39m=\u001b[32m\"\n                inline-flex items-center px-2 py-1 rounded-full text-xs font-medium\n                bg-green-100 text-green-800\n              \"\u001b[39m\n                  \u001b[36m>\u001b[39m\n                    \u001b[0mHTTPS\u001b[0m\n                  \u001b[36m</span>\u001b[39m\n                \u001b[36m</div>\u001b[39m\n              \u001b[36m</div>\u001b[39m\n            \u001b[36m</div>\u001b[39m\n            \u001b[36m<div\u001b[39m\n              \u001b[33maria-live\u001b[39m=\u001b[32m\"polite\"\u001b[39m\n              \u001b[33mclass\u001b[39m=\u001b[32m\"flex items-center space-x-2 text-sm text-gray-600\"\u001b[39m\n              \u001b[33mid\u001b[39m=\u001b[32m\"url-input-xzhfitt48-preview\"\u001b[39m\n              \u001b[33mrole\u001b[39m=\u001b[32m\"status\"\u001b[39m\n            \u001b[36m>\u001b[39m\n              \u001b[36m<svg\u001b[39m\n                \u001b[33maria-hidden\u001b[39m=\u001b[32m\"true\"\u001b[39m\n                \u001b[33mclass\u001b[39m=\u001b[32m\"w-4 h-4 text-green-500\"\u001b[39m\n                \u001b[33mfill\u001b[39m=\u001b[32m\"currentColor\"\u001b[39m\n                \u001b[33mviewBox\u001b[39m=\u001b[32m\"0 0 20 20\"\u001b[39m\n              \u001b[36m>\u001b[39m\n                \u001b[36m<path\u001b[39m\n                  \u001b[33mclip-rule\u001b[39m=\u001b[32m\"evenodd\"\u001b[39m\n                  \u001b[33md\u001b[39m=\u001b[32m\"M10 18a8 8 0 100-16 8 8 0 000 16zm3.707-9.293a1 1 0 00-1.414-1.414L9 10.586 7.707 9.293a1 1 0 00-1.414 1.414l2 2a1 1 0 001.414 0l4-4z\"\u001b[39m\n                  \u001b[33mfill-rule\u001b[39m=\u001b[32m\"evenodd\"\u001b[39m\n                \u001b[36m/>\u001b[39m\n              \u001b[36m</svg>\u001b[39m\n              \u001b[36m<span>\u001b[39m\n                \u001b[0mValid URL - Domain: \u001b[0m\n                \u001b[0mmodified.com\u001b[0m\n                \u001b[0m (Secure)\u001b[0m\n              \u001b[36m</span>\u001b[39m\n            \u001b[36m</div>\u001b[39m\n          \u001b[36m</div>\u001b[39m\n        \u001b[36m</div>\u001b[39m\n        \u001b[36m<div\u001b[39m\n          \u001b[33mclass\u001b[39m=\u001b[32m\"bg-white shadow rounded-lg p-6\"\u001b[39m\n        \u001b[36m>\u001b[39m\n          \u001b[36m<div\u001b[39m\n            \u001b[33mclass\u001b[39m=\u001b[32m\"space-y-4\"\u001b[39m\n          \u001b[36m>\u001b[39m\n            \u001b[36m<div\u001b[39m\n              \u001b[33mclass\u001b[39m=\u001b[32m\"flex items-center justify-between\"\u001b[39m\n            \u001b[36m>\u001b[39m\n              \u001b[36m<label\u001b[39m\n                \u001b[33mclass\u001b[39m=\u001b[32m\"block text-sm font-medium text-gray-700\"\u001b[39m\n              \u001b[36m>\u001b[39m\n                \u001b[0mCSS Selectors\u001b[0m\n              \u001b[36m</label>\u001b[39m\n              \u001b[36m<span\u001b[39m\n                \u001b[33mclass\u001b[39m=\u001b[32m\"text-xs text-gray-500\"\u001b[39m\n              \u001b[36m>\u001b[39m\n                \u001b[0mDefine what data to extract from the page\u001b[0m\n              \u001b[36m</span>\u001b[39m\n            \u001b[36m</div>\u001b[39m\n            \u001b[36m<div\u001b[39m\n              \u001b[33mclass\u001b[39m=\u001b[32m\"space-y-3\"\u001b[39m\n            \u001b[36m>\u001b[39m\n              \u001b[36m<div\u001b[39m\n                \u001b[33mclass\u001b[39m=\u001b[32m\"flex items-center space-x-3 p-3 bg-gray-50 rounded-lg\"\u001b[39m\n              \u001b[36m>\u001b[39m\n                \u001b[36m<div\u001b[39m\n                  \u001b[33mclass\u001b[39m=\u001b[32m\"flex-1\"\u001b[39m\n                \u001b[36m>\u001b[39m\n                  \u001b[36m<input\u001b[39m\n                    \u001b[33mclass\u001b[39m=\u001b[32m\"block w-full px-3 py-2 text-sm border border-gray-300 rounded-md focus:outline-none focus:ring-2 focus:ring-blue-500 focus:border-blue-500\"\u001b[39m\n                    \u001b[33mplaceholder\u001b[39m=\u001b[32m\"Field name (e.g., title)\"\u001b[39m\n                    \u001b[33mtype\u001b[39m=\u001b[32m\"text\"\u001b[39m\n                    \u001b[33mvalue\u001b[39m=\u001b[32m\"title\"\u001b[39m\n                  \u001b[36m/>\u001b[39m\n                \u001b[36m</div>\u001b[39m\n                \u001b[36m<div\u001b[39m\n                  \u001b[33mclass\u001b[39m=\u001b[32m\"flex-2\"\u001b[39m\n                \u001b[36m>\u001b[39m\n                  \u001b[36m<input\u001b[39m\n                    \u001b[33mclass\u001b[39m=\u001b[32m\"block w-full px-3 py-2 text-sm border border-gray-300 rounded-md focus:outline-none focus:ring-2 focus:ring-blue-500 focus:border-blue-500\"\u001b[39m\n                    \u001b[33mplaceholder\u001b[39m=\u001b[32m\"CSS selector (e.g., h1, .title, #main-content)\"\u001b[39m\n                    \u001b[33mtype\u001b[39m=\u001b[32m\"text\"\u001b[39m\n                    \u001b[33mvalue\u001b[39m=\u001b[32m\"h1\"\u001b[39m\n                  \u001b[36m/>\u001b[39m\n                \u001b[36m</div>\u001b[39m\n                \u001b[36m<button\u001b[39m\n                  \u001b[33mclass\u001b[39m=\u001b[32m\"p-2 text-red-600 hover:text-red-800 hover:bg-red-50 rounded-md transition-colors\"\u001b[39m\n                  \u001b[33mtitle\u001b[39m=\u001b[32m\"Remove selector\"\u001b[39m\n                  \u001b[33mtype\u001b[39m=\u001b[32m\"button\"\u001b[39m\n                \u001b[36m>\u001b[39m\n                  \u001b[36m<svg\u001b[39m\n                    \u001b[33mclass\u001b[39m=\u001b[32m\"w-4 h-4\"\u001b[39m\n                    \u001b[33mfill\u001b[39m=\u001b[32m\"currentColor\"\u001b[39m\n                    \u001b[33mviewBox\u001b[39m=\u001b[32m\"0 0 20 20\"\u001b[39m\n                  \u001b[36m>\u001b[39m\n                    \u001b[36m<path\u001b[39m\n                      \u001b[33mclip-rule\u001b[39m=\u001b[32m\"evenodd\"\u001b[39m\n                      \u001b[33md\u001b[39m=\u001b[32m\"M4.293 4.293a1 1 0 011.414 0L10 8.586l4.293-4.293a1 1 0..."],"location":{"line":37,"column":19}},{"ancestorTitles":["","JobForm Clone Mode Integration","Complete Clone Workflow"],"fullName":" JobForm Clone Mode Integration Complete Clone Workflow should handle clone errors appropriately","status":"passed","title":"should handle clone errors appropriately","duration":209,"failureMessages":[]},{"ancestorTitles":["","JobForm Clone Mode Integration","Complete Clone Workflow"],"fullName":" JobForm Clone Mode Integration Complete Clone Workflow should validate fields before allowing clone","status":"failed","title":"should validate fields before allowing clone","duration":170,"failureMessages":["Unable to find an element with the text: /url is required/i. This could be because the text is broken up by multiple elements. In this case, you can provide a function for your text matcher to make your matcher more flexible.\n\nIgnored nodes: comments, script, style\n\u001b[36m<body>\u001b[39m\n  \u001b[36m<div\u001b[39m\n    \u001b[33mid\u001b[39m=\u001b[32m\"toast-container\"\u001b[39m\n  \u001b[36m/>\u001b[39m\n  \u001b[36m<div>\u001b[39m\n    \u001b[36m<div\u001b[39m\n      \u001b[33mclass\u001b[39m=\u001b[32m\"max-w-4xl mx-auto \"\u001b[39m\n    \u001b[36m>\u001b[39m\n      \u001b[36m<form\u001b[39m\n        \u001b[33mclass\u001b[39m=\u001b[32m\"space-y-6\"\u001b[39m\n      \u001b[36m>\u001b[39m\n        \u001b[36m<div\u001b[39m\n          \u001b[33mclass\u001b[39m=\u001b[32m\"bg-white shadow rounded-lg p-6\"\u001b[39m\n        \u001b[36m>\u001b[39m\n          \u001b[36m<div\u001b[39m\n            \u001b[33mclass\u001b[39m=\u001b[32m\"space-y-2 \"\u001b[39m\n          \u001b[36m>\u001b[39m\n            \u001b[36m<label\u001b[39m\n              \u001b[33mclass\u001b[39m=\u001b[32m\"block text-sm font-medium text-gray-700\"\u001b[39m\n              \u001b[33mfor\u001b[39m=\u001b[32m\"url-input-enlivsyag\"\u001b[39m\n            \u001b[36m>\u001b[39m\n              \u001b[0mURL\u001b[0m\n              \u001b[36m<span\u001b[39m\n                \u001b[33maria-hidden\u001b[39m=\u001b[32m\"true\"\u001b[39m\n                \u001b[33mclass\u001b[39m=\u001b[32m\"text-red-500 ml-1\"\u001b[39m\n              \u001b[36m>\u001b[39m\n                \u001b[0m*\u001b[0m\n              \u001b[36m</span>\u001b[39m\n              \u001b[36m<span\u001b[39m\n                \u001b[33mclass\u001b[39m=\u001b[32m\"sr-only\"\u001b[39m\n              \u001b[36m>\u001b[39m\n                \u001b[0mrequired\u001b[0m\n              \u001b[36m</span>\u001b[39m\n            \u001b[36m</label>\u001b[39m\n            \u001b[36m<div\u001b[39m\n              \u001b[33mclass\u001b[39m=\u001b[32m\"relative\"\u001b[39m\n            \u001b[36m>\u001b[39m\n              \u001b[36m<input\u001b[39m\n                \u001b[33maria-describedby\u001b[39m=\u001b[32m\"url-input-enlivsyag-help\"\u001b[39m\n                \u001b[33maria-invalid\u001b[39m=\u001b[32m\"false\"\u001b[39m\n                \u001b[33maria-required\u001b[39m=\u001b[32m\"true\"\u001b[39m\n                \u001b[33mclass\u001b[39m=\u001b[32m\"\n            block w-full px-3 py-2 border rounded-md shadow-sm transition-colors duration-200\n            placeholder-gray-400 focus:outline-none focus:ring-2 focus:ring-primary-500 focus:border-primary-500\n            border-gray-300\n          \"\u001b[39m\n                \u001b[33mid\u001b[39m=\u001b[32m\"url-input-enlivsyag\"\u001b[39m\n                \u001b[33mname\u001b[39m=\u001b[32m\"url\"\u001b[39m\n                \u001b[33mplaceholder\u001b[39m=\u001b[32m\"https://example.com\"\u001b[39m\n                \u001b[33mtype\u001b[39m=\u001b[32m\"url\"\u001b[39m\n              \u001b[36m/>\u001b[39m\n            \u001b[36m</div>\u001b[39m\n            \u001b[36m<p\u001b[39m\n              \u001b[33mclass\u001b[39m=\u001b[32m\"text-sm text-gray-500\"\u001b[39m\n              \u001b[33mid\u001b[39m=\u001b[32m\"url-input-enlivsyag-help\"\u001b[39m\n            \u001b[36m>\u001b[39m\n              \u001b[0mEnter a valid URL starting with http:// or https://\u001b[0m\n            \u001b[36m</p>\u001b[39m\n          \u001b[36m</div>\u001b[39m\n        \u001b[36m</div>\u001b[39m\n        \u001b[36m<div\u001b[39m\n          \u001b[33mclass\u001b[39m=\u001b[32m\"bg-white shadow rounded-lg p-6\"\u001b[39m\n        \u001b[36m>\u001b[39m\n          \u001b[36m<div\u001b[39m\n            \u001b[33mclass\u001b[39m=\u001b[32m\"space-y-4\"\u001b[39m\n          \u001b[36m>\u001b[39m\n            \u001b[36m<div\u001b[39m\n              \u001b[33mclass\u001b[39m=\u001b[32m\"flex items-center justify-between\"\u001b[39m\n            \u001b[36m>\u001b[39m\n              \u001b[36m<label\u001b[39m\n                \u001b[33mclass\u001b[39m=\u001b[32m\"block text-sm font-medium text-gray-700\"\u001b[39m\n              \u001b[36m>\u001b[39m\n                \u001b[0mCSS Selectors\u001b[0m\n              \u001b[36m</label>\u001b[39m\n              \u001b[36m<span\u001b[39m\n                \u001b[33mclass\u001b[39m=\u001b[32m\"text-xs text-gray-500\"\u001b[39m\n              \u001b[36m>\u001b[39m\n                \u001b[0mDefine what data to extract from the page\u001b[0m\n              \u001b[36m</span>\u001b[39m\n            \u001b[36m</div>\u001b[39m\n            \u001b[36m<div\u001b[39m\n              \u001b[33mclass\u001b[39m=\u001b[32m\"border-2 border-dashed border-gray-300 rounded-lg p-4\"\u001b[39m\n            \u001b[36m>\u001b[39m\n              \u001b[36m<div\u001b[39m\n                \u001b[33mclass\u001b[39m=\u001b[32m\"space-y-3\"\u001b[39m\n              \u001b[36m>\u001b[39m\n                \u001b[36m<div\u001b[39m\n                  \u001b[33mclass\u001b[39m=\u001b[32m\"grid grid-cols-1 md:grid-cols-2 gap-3\"\u001b[39m\n                \u001b[36m>\u001b[39m\n                  \u001b[36m<div>\u001b[39m\n                    \u001b[36m<input\u001b[39m\n                      \u001b[33mclass\u001b[39m=\u001b[32m\"\n                  block w-full px-3 py-2 text-sm border rounded-md focus:outline-none focus:ring-2 focus:ring-blue-500 focus:border-blue-500\n                  border-gray-300\n                \"\u001b[39m\n                      \u001b[33mplaceholder\u001b[39m=\u001b[32m\"Field name (e.g., title, price, description)\"\u001b[39m\n                      \u001b[33mtype\u001b[39m=\u001b[32m\"text\"\u001b[39m\n                      \u001b[33mvalue\u001b[39m=\u001b[32m\"\"\u001b[39m\n                    \u001b[36m/>\u001b[39m\n                  \u001b[36m</div>\u001b[39m\n                  \u001b[36m<div>\u001b[39m\n                    \u001b[36m<input\u001b[39m\n                      \u001b[33mclass\u001b[39m=\u001b[32m\"\n                  block w-full px-3 py-2 text-sm border rounded-md focus:outline-none focus:ring-2 focus:ring-blue-500 focus:border-blue-500\n                  border-gray-300\n                \"\u001b[39m\n                      \u001b[33mplaceholder\u001b[39m=\u001b[32m\"CSS selector (e.g., h1, .title, #main-content)\"\u001b[39m\n                      \u001b[33mtype\u001b[39m=\u001b[32m\"text\"\u001b[39m\n                      \u001b[33mvalue\u001b[39m=\u001b[32m\"\"\u001b[39m\n                    \u001b[36m/>\u001b[39m\n                  \u001b[36m</div>\u001b[39m\n                \u001b[36m</div>\u001b[39m\n                \u001b[36m<button\u001b[39m\n                  \u001b[33mclass\u001b[39m=\u001b[32m\"inline-flex items-center px-3 py-2 text-sm font-medium text-blue-700 bg-blue-100 border border-transparent rounded-md hover:bg-blue-200 focus:outline-none focus:ring-2 focus:ring-offset-2 focus:ring-blue-500 transition-colors\"\u001b[39m\n                  \u001b[33mtype\u001b[39m=\u001b[32m\"button\"\u001b[39m\n                \u001b[36m>\u001b[39m\n                  \u001b[36m<svg\u001b[39m\n                    \u001b[33mclass\u001b[39m=\u001b[32m\"w-4 h-4 mr-2\"\u001b[39m\n                    \u001b[33mfill\u001b[39m=\u001b[32m\"currentColor\"\u001b[39m\n                    \u001b[33mviewBox\u001b[39m=\u001b[32m\"0 0 20 20\"\u001b[39m\n                  \u001b[36m>\u001b[39m\n                    \u001b[36m<path\u001b[39m\n                      \u001b[33mclip-rule\u001b[39m=\u001b[32m\"evenodd\"\u001b[39m\n                      \u001b[33md\u001b[39m=\u001b[32m\"M10 3a1 1 0 011 1v5h5a1 1 0 110 2h-5v5a1 1 0 11-2 0v-5H4a1 1 0 110-2h5V4a1 1 0 011-1z\"\u001b[39m\n                      \u001b[33mfill-rule\u001b[39m=\u001b[32m\"evenodd\"\u001b[39m\n                    \u001b[36m/>\u001b[39m\n                  \u001b[36m</svg>\u001b[39m\n                  \u001b[0mAdd Selector\u001b[0m\n                \u001b[36m</button>\u001b[39m\n              \u001b[36m</div>\u001b[39m\n            \u001b[36m</div>\u001b[39m\n            \u001b[36m<div\u001b[39m\n              \u001b[33mclass\u001b[39m=\u001b[32m\"bg-blue-50 border border-blue-200 rounded-lg p-3\"\u001b[39m\n            \u001b[36m>\u001b[39m\n              \u001b[36m<div\u001b[39m\n                \u001b[33mclass\u001b[39m=\u001b[32m\"flex\"\u001b[39m\n              \u001b[36m>\u001b[39m\n                \u001b[36m<svg\u001b[39m\n                  \u001b[33mclass\u001b[39m=\u001b[32m\"w-5 h-5 text-blue-400 mt-0.5\"\u001b[39m\n                  \u001b[33mfill\u001b[39m=\u001b[32m\"currentColor\"\u001b[39m\n                  \u001b[33mviewBox\u001b[39m=\u001b[32m\"0 0 20 20\"\u001b[39m\n                \u001b[36m>\u001b[39m\n                  \u001b[36m<path\u001b[39m\n                    \u001b[33mclip-rule\u001b[39m=\u001b[32m\"evenodd\"\u001b[39m\n                    \u001b[33md\u001b[39m=\u001b[32m\"M18 10a8 8 0 11-16 0 8 8 0 0116 0zm-7-4a1 1 0 11-2 0 1 1 0 012 0zM9 9a1 1 0 000 2v3a1 1 0 001 1h1a1 1 0 100-2v-3a1 1 0 00-1-1H9z\"\u001b[39m\n                    \u001b[33mfill-rule\u001b[39m=\u001b[32m\"evenodd\"\u001b[39m\n                  \u001b[36m/>\u001b[39m\n                \u001b[36m</svg>\u001b[39m\n                \u001b[36m<div\u001b[39m\n                  \u001b[33mclass\u001b[39m=\u001b[32m\"ml-3\"\u001b[39m\n                \u001b[36m>\u001b[39m\n                  \u001b[36m<h4\u001b[39m\n                    \u001b[33mclass\u001b[39m=\u001b[32m\"text-sm font-medium text-blue-800\"\u001b[39m\n                  \u001b[36m>\u001b[39m\n                    \u001b[0mCSS Selector Tips\u001b[0m\n                  \u001b[36m</h4>\u001b[39m\n                  \u001b[36m<div\u001b[39m\n                    \u001b[33mclass\u001b[39m=\u001b[32m\"mt-1 text-sm text-blue-700\"\u001b[39m\n                  \u001b[36m>\u001b[39m\n                    \u001b[36m<ul\u001b[39m\n                      \u001b[33mclass\u001b[39m=\u001b[32m\"list-disc list-inside space-y-1\"\u001b[39m\n                    \u001b[36m>\u001b[39m\n                      \u001b[36m<li>\u001b[39m\n                        \u001b[36m<code\u001b[39m\n                          \u001b[33mclass\u001b[39m=\u001b[32m\"bg-blue-100 px-1 rounded\"\u001b[39m\n                        \u001b[36m>\u001b[39m\n                          \u001b[0mh1\u001b[0m\n                        \u001b[36m</code>\u001b[39m\n                        \u001b[0m - Select by tag name\u001b[0m\n                      \u001b[36m</li>\u001b[39m\n                      \u001b[36m<li>\u001b[39m\n                        \u001b[36m<code\u001b[39m\n                          \u001b[33mclass\u001b[39m=\u001b[32m\"bg-blue-100 px-1 rounded\"\u001b[39m\n                        \u001b[36m>\u001b[39m\n                          \u001b[0m.class-name\u001b[0m\n                        \u001b[36m</code>\u001b[39m\n                        \u001b[0m - Select by class\u001b[0m\n                      \u001b[36m</li>\u001b[39m\n                      \u001b[36m<li>\u001b[39m\n                        \u001b[36m<code\u001b[39m\n                          \u001b[33mclass\u001b[39m=\u001b[32m\"bg-blue-100 px-1 rounded\"\u001b[39m\n                        \u001b[36m>\u001b[39m\n                          \u001b[0m#element-id\u001b[0m\n                        \u001b[36m</code>\u001b[39m\n                        \u001b[0m - Select by ID\u001b[0m\n                      \u001b[36m</li>\u001b[39m\n                      \u001b[36m<li>\u001b[39m\n                        \u001b[36m<code\u001b[39m\n                          \u001b[33mclass\u001b[39m=\u001b[32m\"bg-blue-100 px-1 rounded\"\u001b[39m\n                        \u001b[36m>\u001b[39m\n                          \u001b[0m[data-testid=\"value\"]\u001b[0m\n                        \u001b[36m</code>\u001b[39m\n                        \u001b[0m - Select by attribute\u001b[0m\n                      \u001b[36m</li>\u001b[39m\n                    \u001b[36m</ul>\u001b[39m\n                  \u001b[36m</div>\u001b[39m\n                \u001b[36m</div>\u001b[39m\n              \u001b[36m</div>\u001b[39m\n            \u001b[36m</div>\u001b[39m\n          \u001b[36m</div>\u001b[39m\n        \u001b[36m</div>\u001b[39m\n        \u001b[36m<div\u001b[39m\n          \u001b[33mclass\u001b[39m=\u001b[32m\"bg-white shadow rounded-lg\"\u001b[39m\n        \u001b[36m>\u001b[39m\n          \u001b[36m<div\u001b[39m\n            \u001b[33mclass\u001b[39m=\u001b[32m\"border border-gray-200 rounded-lg\"\u001b[39m\n          \u001b[36m>\u001b[39m\n            \u001b[36m<button\u001b[39m\n              \u001b[33mclass\u001b[39m=\u001b[32m\"w-full px-4 py-3 text-left flex items-center justify-between bg-gray-50 hover:bg-gray-100 rounded-t-lg transition-colors\"\u001b[39m\n              \u001b[33mtype\u001b[39m=\u001b[32m\"button\"\u001b[39m\n            \u001b[36m>\u001b[39m\n              \u001b[36m<span\u001b[39m\n                \u001b[33mclass\u001b[39m=\u001b[32m\"text-sm font-medium text-gray-700\"\u001b[39m\n              \u001b[36m>\u001b[39m\n                \u001b[0mAdvanced Options\u001b[0m\n              \u001b[36m</span>\u001b[39m\n              \u001b[36m<svg\u001b[39m\n                \u001b[33mclass\u001b[39m=\u001b[32m\"w-5 h-5 text-gray-500 transition-transform \"\u001b[39m\n                \u001b[33mfill\u001b[39m=\u001b[32m\"currentColor\"\u001b[39m\n                \u001b[33mviewBox\u001b[39m=\u001b[32m\"0 0 20 20\"\u001b[39m\n              \u001b[36m>\u001b[39m\n                \u001b[36m<path\u001b[39m\n                  \u001b[33mclip-rule\u001b[39m=\u001b[32m\"evenodd\"\u001b[39m\n                  \u001b[33md\u001b[39m=\u001b[32m\"M5.293 7.293a1 1 0 011.414 0L10 10.586l3.293-3.293a1 1 0 111.414 1.414l-4 4a1 1 0 01-1.414 0l-4-4a1 1 0 010-1.414z\"\u001b[39m\n                  \u001b[33mfill-rule\u001b[39m=\u001b[32m\"evenodd\"\u001b[39m\n                \u001b[36m/>\u001b[39m\n              \u001b[36m</svg>\u001b[39m\n            \
[...]
  \u001b[36m>\u001b[39m\n                \u001b[0mAdvanced Options\u001b[0m\n              \u001b[36m</span>\u001b[39m\n              \u001b[36m<svg\u001b[39m\n                \u001b[33mclass\u001b[39m=\u001b[32m\"w-5 h-5 text-gray-500 transition-transform \"\u001b[39m\n                \u001b[33mfill\u001b[39m=\u001b[32m\"currentColor\"\u001b[39m\n                \u001b[33mviewBox\u001b[39m=\u001b[32m\"0 0 20 20\"\u001b[39m\n              \u001b[36m>\u001b[39m\n                \u001b[36m<path\u001b[39m\n                  \u001b[33mclip-rule\u001b[39m=\u001b[32m\"evenodd\"\u001b[39m\n                  \u001b[33md\u001b[39m=\u001b[32m\"M5.293 7.293a1 1 0 011.414 0L10 10.586l3.293-3.293a1 1 0 111.414 1.414l-4 4a1 1 0 01-1.414 0l-4-4a1 1 0 010-1.414z\"\u001b[39m\n                  \u001b[33mfill-rule\u001b[39m=\u001b[32m\"evenodd\"\u001b[39m\n                \u001b[36m/>\u001b[39m\n              \u001b[36m</svg>\u001b[39m\n            \u001b[36m</button>\u001b[39m\n          \u001b[36m</div>\u001b[39m\n        \u001b[36m</div>\u001b[39m\n        \u001b[36m<div\u001b[39m\n          \u001b[33mclass\u001b[39m=\u001b[32m\"bg-white shadow rounded-lg p-6\"\u001b[39m\n        \u001b[36m>\u001b[39m\n          \u001b[36m<div\u001b[39m\n            \u001b[33mclass\u001b[39m=\u001b[32m\"flex items-center justify-between\"\u001b[39m\n          \u001b[36m>\u001b[39m\n            \u001b[36m<div\u001b[39m\n              \u001b[33mclass\u001b[39m=\u001b[32m\"flex items-center space-x-4\"\u001b[39m\n            \u001b[36m>\u001b[39m\n              \u001b[36m<button\u001b[39m\n                \u001b[33mclass\u001b[39m=\u001b[32m\"inline-flex items-center px-4 py-2 border border-gray-300 text-sm font-medium rounded-md text-gray-700 bg-white hover:bg-gray-50 focus:outline-none focus:ring-2 focus:ring-offset-2 focus:ring-gray-500 disabled:opacity-50 disabled:cursor-not-allowed transition-colors\"\u001b[39m\n                \u001b[33mtype\u001b[39m=\u001b[32m\"button\"\u001b[39m\n              \u001b[36m>\u001b[39m\n                \u001b[0mReset Form\u001b[0m\n              \u001b[36m</button>\u001b[39m\n              \u001b[36m<div\u001b[39m\n                \u001b[33mclass\u001b[39m=\u001b[32m\"text-sm text-gray-500\"\u001b[39m\n              \u001b[36m/>\u001b[39m\n            \u001b[36m</div>\u001b[39m\n            \u001b[36m<div\u001b[39m\n              \u001b[33mclass\u001b[39m=\u001b[32m\"flex items-center space-x-3\"\u001b[39m\n            \u001b[36m>\u001b[39m\n              \u001b[36m<button\u001b[39m\n                \u001b[33mclass\u001b[39m=\u001b[32m\"\n                  inline-flex items-center px-4 py-2 text-sm font-medium rounded-md focus:outline-none focus:ring-2 focus:ring-offset-2 transition-colors disabled:opacity-50 disabled:cursor-not-allowed\n                  border border-gray-300 text-gray-500 bg-gray-50\n                \"\u001b[39m\n                \u001b[33mdisabled\u001b[39m=\u001b[32m\"\"\u001b[39m\n                \u001b[33mtype\u001b[39m=\u001b[32m\"submit\"\u001b[39m\n              \u001b[36m>\u001b[39m\n                \u001b[0mCreate Job\u001b[0m\n              \u001b[36m</button>\u001b[39m\n            \u001b[36m</div>\u001b[39m\n          \u001b[36m</div>\u001b[39m\n          \u001b[36m<div\u001b[39m\n            \u001b[33mclass\u001b[39m=\u001b[32m\"mt-4 pt-4 border-t border-gray-200\"\u001b[39m\n          \u001b[36m>\u001b[39m\n            \u001b[36m<div\u001b[39m\n              \u001b[33mclass\u001b[39m=\u001b[32m\"grid grid-cols-1 md:grid-cols-3 gap-4 text-sm\"\u001b[39m\n            \u001b[36m>\u001b[39m\n              \u001b[36m<div>\u001b[39m\n                \u001b[36m<span\u001b[39m\n                  \u001b[33mclass\u001b[39m=\u001b[32m\"font-medium text-gray-700\"\u001b[39m\n                \u001b[36m>\u001b[39m\n                  \u001b[0mURL:\u001b[0m\n                \u001b[36m</span>\u001b[39m\n                \u001b[36m<span\u001b[39m\n                  \u001b[33mclass\u001b[39m=\u001b[32m\"ml-2 text-gray-600 truncate block\"\u001b[39m\n                \u001b[36m>\u001b[39m\n                  \u001b[0mNot specified\u001b[0m\n                \u001b[36m</span>\u001b[39m\n              \u001b[36m</div>\u001b[39m\n              \u001b[36m<div>\u001b[39m\n                \u001b[36m<span\u001b[39m\n                  \u001b[33mclass\u001b[39m=\u001b[32m\"font-medium text-gray-700\"\u001b[39m\n                \u001b[36m>\u001b[39m\n                  \u001b[0mSelectors:\u001b[0m\n                \u001b[36m</span>\u001b[39m\n                \u001b[36m<span\u001b[39m\n                  \u001b[33mclass\u001b[39m=\u001b[32m\"ml-2 text-gray-600\"\u001b[39m\n                \u001b[36m>\u001b[39m\n                  \u001b[0m0\u001b[0m\n                  \u001b[0m configured\u001b[0m\n                \u001b[36m</span>\u001b[39m\n              \u001b[36m</div>\u001b[39m\n              \u001b[36m<div>\u001b[39m\n                \u001b[36m<span\u001b[39m\n                  \u001b[33mclass\u001b[39m=\u001b[32m\"font-medium text-gray-700\"\u001b[39m\n                \u001b[36m>\u001b[39m\n                  \u001b[0mTimeout:\u001b[0m\n                \u001b[36m</span>\u001b[39m\n                \u001b[36m<span\u001b[39m\n                  \u001b[33mclass\u001b[39m=\u001b[32m\"ml-2 text-gray-600\"\u001b[39m\n                \u001b[36m>\u001b[39m\n                  \u001b[0m30\u001b[0m\n                  \u001b[0m seconds\u001b[0m\n                \u001b[36m</span>\u001b[39m\n              \u001b[36m</div>\u001b[39m\n            \u001b[36m</div>\u001b[39m\n          \u001b[36m</div>\u001b[39m\n        \u001b[36m</div>\u001b[39m\n      \u001b[36m</form>\u001b[39m\n    \u001b[36m</div>\u001b[39m\n  \u001b[36m</div>\u001b[39m\n\u001b[36m</body>\u001b[39m"],"location":{"line":37,"column":19}},{"ancestorTitles":["","JobForm","form behavior"],"fullName":" JobForm form behavior resets form after successful submission","status":"passed","title":"resets form after successful submission","duration":500,"failureMessages":[]}],"startTime":1754497451874,"endTime":1754497456733,"status":"failed","message":"","name":"C:/playground/Python/ai_scrapper/frontend/src/components/forms/__tests__/JobForm.test.tsx"},{"assertionResults":[],"startTime":1754497444730,"endTime":1754497444730,"status":"failed","message":"Transform failed with 1 error:\nC:/playground/Python/ai_scrapper/frontend/src/components/forms/__tests__/SelectorBuilder.test.tsx:14:39: ERROR: Unexpected \"}\"","name":"C:/playground/Python/ai_scrapper/frontend/src/components/forms/__tests__/SelectorBuilder.test.tsx"},{"assertionResults":[{"ancestorTitles":["","UrlInput"],"fullName":" UrlInput renders input field correctly","status":"failed","title":"renders input field correctly","duration":101,"failureMessages":["Element type is invalid: expected a string (for built-in components) or a class/function (for composite components) but got: undefined. You likely forgot to export your component from the file it's defined in, or you might have mixed up default and named imports."],"location":{"line":28478,"column":17}},{"ancestorTitles":["","UrlInput"],"fullName":" UrlInput calls onChange when value changes","status":"failed","title":"calls onChange when value changes","duration":32,"failureMessages":["Element type is invalid: expected a string (for built-in components) or a class/function (for composite components) but got: undefined. You likely forgot to export your component from the file it's defined in, or you might have mixed up default and named imports."],"location":{"line":28478,"column":17}},{"ancestorTitles":["","UrlInput"],"fullName":" UrlInput shows validation error for invalid URL","status":"failed","title":"shows validation error for invalid URL","duration":18,"failureMessages":["Element type is invalid: expected a string (for built-in components) or a class/function (for composite components) but got: undefined. You likely forgot to export your component from the file it's defined in, or you might have mixed up default and named imports."],"location":{"line":28478,"column":17}},{"ancestorTitles":["","UrlInput"],"fullName":" UrlInput shows valid state for valid URL","status":"failed","title":"shows valid state for valid URL","duration":12,"failureMessages":["Element type is invalid: expected a string (for built-in components) or a class/function (for composite components) but got: undefined. You likely forgot to export your component from the file it's defined in, or you might have mixed up default and named imports."],"location":{"line":28478,"column":17}},{"ancestorTitles":["","UrlInput"],"fullName":" UrlInput shows URL preview when enabled","status":"failed","title":"shows URL preview when enabled","duration":19,"failureMessages":["Element type is invalid: expected a string (for built-in components) or a class/function (for composite components) but got: undefined. You likely forgot to export your component from the file it's defined in, or you might have mixed up default and named imports."],"location":{"line":28478,"column":17}},{"ancestorTitles":["","UrlInput"],"fullName":" UrlInput has proper accessibility attributes","status":"failed","title":"has proper accessibility attributes","duration":11,"failureMessages":["Element type is invalid: expected a string (for built-in components) or a class/function (for composite components) but got: undefined. You likely forgot to export your component from the file it's defined in, or you might have mixed up default and named imports."],"location":{"line":28478,"column":17}},{"ancestorTitles":["","UrlInput"],"fullName":" UrlInput shows aria-invalid when there is an error","status":"failed","title":"shows aria-invalid when there is an error","duration":9,"failureMessages":["Element type is invalid: expected a string (for built-in components) or a class/function (for composite components) but got: undefined. You likely forgot to export your component from the file it's defined in, or you might have mixed up default and named imports."],"location":{"line":28478,"column":17}},{"ancestorTitles":["","UrlInput"],"fullName":" UrlInput supports paste event handling","status":"failed","title":"supports paste event handling","duration":19,"failureMessages":["Element type is invalid: expected a string (for built-in components) or a class/function (for composite components) but got: undefined. You likely forgot to export your component from the file it's defined in, or you might have mixed up default and named imports."],"location":{"line":28478,"column":17}}],"startTime":1754497462095,"endTime":1754497462317,"status":"failed","message":"","name":"C:/playground/Python/ai_scrapper/frontend/src/components/forms/__tests__/UrlInput.test.tsx"},{"assertionResults":[{"ancestorTitles":["","Breadcrumb"],"fullName":" Breadcrumb renders custom breadcrumb items when provided","status":"passed","title":"renders custom breadcrumb items when provided","duration":151,"failureMessages":[]},{"ancestorTitles":["","Breadcrumb"],"fullName":" Breadcrumb generates breadcrumbs for dashboard route","status":"passed","title":"generates breadcrumbs for dashboard route","duration":13,"failureMessages":[]},{"ancestorTitles":["","Breadcrumb"],"fullName":" Breadcrumb generates breadcrumbs for create job route","status":"passed","title":"generates breadcrumbs for create job route","duration":27,"failureMessages":[]},{"ancestorTitles":["","Breadcrumb"],"fullName":" Breadcrumb generates breadcrumbs for job detail route","status":"passed","title":"generates breadcrumbs for job detail route","duration":31,"failureMessages":[]},{"ancestorTitles":["","Breadcrumb"],"fullName":" Breadcrumb renders nothing when no breadcrumb items exist","status":"passed","title":"renders nothing when no breadcrumb items exist","duration":10,"failureMessages":[]}],"startTime":1754497461686,"endTime":1754497461918,"status":"passed","message":"","name":"C:/playground/Python/ai_scrapper/frontend/src/components/layout/__tests__/Breadcrumb.test.tsx"},{"assertionResults":[{"ancestorTitles":["","ExportButton"],"fullName":" ExportButton renders export button correctly","status":"failed","title":"renders export button correctly","duration":126,"failureMessages":["[vitest] No \"estimateExportSize\" export is defined on the \"../../../utils/exportUtils\" mock. Did you forget to return it from \"vi.mock\"?\nIf you need to partially mock a module, you can use \"importOriginal\" helper inside:\n"],"location":{"line":43,"column":20}},{"ancestorTitles":["","ExportButton"],"fullName":" ExportButton shows format selection dropdown when clicked","status":"failed","title":"shows format selection dropdown when clicked","duration":15,"failureMessages":["[vitest] No \"estimateExportSize\" export is defined on the \"../../../utils/exportUtils\" mock. Did you forget to return it from \"vi.mock\"?\nIf you need to partially mock a module, you can use \"importOriginal\" helper inside:\n"],"location":{"line":43,"column":20}},{"ancestorTitles":["","ExportButton"],"fullName":" ExportButton exports data as JSON when JSON option is selected","status":"failed","title":"exports data as JSON when JSON option is selected","duration":24,"failureMessages":["[vitest] No \"estimateExportSize\" export is defined on the \"../../../utils/exportUtils\" mock. Did you forget to return it from \"vi.mock\"?\nIf you need to partially mock a module, you can use \"importOriginal\" helper inside:\n"],"location":{"line":43,"column":20}},{"ancestorTitles":["","ExportButton"],"fullName":" ExportButton exports data as CSV when CSV option is selected","status":"failed","title":"exports data as CSV when CSV option is selected","duration":23,"failureMessages":["[vitest] No \"estimateExportSize\" export is defined on the \"../../../utils/exportUtils\" mock. Did you forget to return it from \"vi.mock\"?\nIf you need to partially mock a module, you can use \"importOriginal\" helper inside:\n"],"location":{"line":43,"column":20}},{"ancestorTitles":["","ExportButton"],"fullName":" ExportButton shows loading state during export","status":"failed","title":"shows loading state during export","duration":16,"failureMessages":["[vitest] No \"estimateExportSize\" export is defined on the \"../../../utils/exportUtils\" mock. Did you forget to return it from \"vi.mock\"?\nIf you need to partially mock a module, you can use \"importOriginal\" helper inside:\n"],"location":{"line":43,"column":20}},{"ancestorTitles":["","ExportButton"],"fullName":" ExportButton handles export errors gracefully","status":"failed","title":"handles export errors gracefully","duration":10,"failureMessages":["[vitest] No \"estimateExportSize\" export is defined on the \"../../../utils/exportUtils\" mock. Did you forget to return it from \"vi.mock\"?\nIf you need to partially mock a module, you can use \"importOriginal\" helper inside:\n"],"location":{"line":43,"column":20}},{"ancestorTitles":["","ExportButton"],"fullName":" ExportButton is disabled when no data is provided","status":"failed","title":"is disabled when no data is provided","duration":11,"failureMessages":["[vitest] No \"estimateExportSize\" export is defined on the \"../../../utils/exportUtils\" mock. Did you forget to return it from \"vi.mock\"?\nIf you need to partially mock a module, you can use \"importOriginal\" helper inside:\n"],"location":{"line":43,"column":20}},{"ancestorTitles":["","ExportButton"],"fullName":" ExportButton has proper accessibility attributes","status":"failed","title":"has proper accessibility attributes","duration":10,"failureMessages":["[vitest] No \"estimateExportSize\" export is defined on the \"../../../utils/exportUtils\" mock. Did you forget to return it from \"vi.mock\"?\nIf you need to partially mock a module, you can use \"importOriginal\" helper inside:\n"],"location":{"line":43,"column":20}},{"ancestorTitles":["","ExportButton"],"fullName":" ExportButton supports keyboard navigation","status":"failed","title":"supports keyboard navigation","duration":15,"failureMessages":["[vitest] No \"estimateExportSize\" export is defined on the \"../../../utils/exportUtils\" mock. Did you forget to return it from \"vi.mock\"?\nIf you need to partially mock a module, you can use \"importOriginal\" helper inside:\n"],"location":{"line":43,"column":20}}],"startTime":1754497459469,"endTime":1754497459719,"status":"failed","message":"","name":"C:/playground/Python/ai_scrapper/frontend/src/components/results/__tests__/ExportButton.test.tsx"},{"assertionResults":[{"ancestorTitles":["","ResultsViewer"],"fullName":" ResultsViewer renders results data correctly","status":"failed","title":"renders results data correctly","duration":107,"failureMessages":["Cannot read properties of undefined (reading 'data')"],"location":{"line":45,"column":18}},{"ancestorTitles":["","ResultsViewer"],"fullName":" ResultsViewer shows different view modes","status":"failed","title":"shows different view modes","duration":17,"failureMessages":["Cannot read properties of undefined (reading 'data')"],"location":{"line":45,"column":18}},{"ancestorTitles":["","ResultsViewer"],"fullName":" ResultsViewer switches between view modes","status":"failed","title":"switches between view modes","duration":17,"failureMessages":["Cannot read properties of undefined (reading 'data')"],"location":{"line":45,"column":18}},{"ancestorTitles":["","ResultsViewer"],"fullName":" ResultsViewer shows export button","status":"failed","title":"shows export button","duration":15,"failureMessages":["Cannot read properties of undefined (reading 'data')"],"location":{"line":45,"column":18}},{"ancestorTitles":["","ResultsViewer"],"fullName":" ResultsViewer displays metadata information","status":"failed","title":"displays metadata information","duration":18,"failureMessages":["Cannot read properties of undefined (reading 'data')"],"location":{"line":45,"column":18}},{"ancestorTitles":["","ResultsViewer"],"fullName":" ResultsViewer shows empty state when no data","status":"failed","title":"shows empty state when no data","duration":13,"failureMessages":["Cannot read properties of undefined (reading 'data')"],"location":{"line":45,"column":18}},{"ancestorTitles":["","ResultsViewer"],"fullName":" ResultsViewer shows screenshot viewer when screenshot is available","status":"failed","title":"shows screenshot viewer when screenshot is available","duration":15,"failureMessages":["Cannot read properties of undefined (reading 'data')"],"location":{"line":45,"column":18}},{"ancestorTitles":["","ResultsViewer"],"fullName":" ResultsViewer shows raw HTML viewer when available","status":"failed","title":"shows raw HTML viewer when available","duration":15,"failureMessages":["Cannot read properties of undefined (reading 'data')"],"location":{"line":45,"column":18}},{"ancestorTitles":["","ResultsViewer"],"fullName":" ResultsViewer has proper accessibility attributes","status":"failed","title":"has proper accessibility attributes","duration":15,"failureMessages":["Cannot read properties of undefined (reading 'data')"],"location":{"line":45,"column":18}},{"ancestorTitles":["","ResultsViewer"],"fullName":" ResultsViewer handles large datasets with pagination","status":"failed","title":"handles large datasets with pagination","duration":17,"failureMessages":["Cannot read properties of undefined (reading 'data')"],"location":{"line":45,"column":18}}],"startTime":1754497460646,"endTime":1754497460896,"status":"failed","message":"","name":"C:/playground/Python/ai_scrapper/frontend/src/components/results/__tests__/ResultsViewer.test.tsx"},{"assertionResults":[],"startTime":1754497444730,"endTime":1754497444730,"status":"failed","message":"[vitest] There was an error when mocking a module. If you are using \"vi.mock\" factory, make sure there are no top level variables inside, since this call is hoisted to top of the file. Read more: https://vitest.dev/api/vi.html#vi-mock","name":"C:/playground/Python/ai_scrapper/frontend/src/components/routing/__tests__/RouteGuard.test.tsx"}]}